<?xml version="1.0" encoding="UTF-8"?>
<!-- Generated by org.testng.reporters.JUnitReportReporter -->
<testsuite hostname="AWS-PVDI-24" failures="0" tests="1" name="Runner.TestApplication" time="63.785" errors="0" timestamp="2023-10-13T17:41:50 IST" skipped="0">
  <testcase classname="Runner.TestApplication" name="runScenario" time="63.785"/>
  <system-out/>
</testsuite> <!-- Runner.TestApplication -->
