<?xml version="1.0" encoding="UTF-8"?>
<!-- Generated by org.testng.reporters.JUnitReportReporter -->
<testsuite hostname="AWS-PVDI-24" failures="0" tests="1" name="Runner.TestApplication" time="44.639" errors="0" timestamp="2024-01-12T15:29:05 IST" skipped="0">
  <testcase classname="Runner.TestApplication" name="runScenario" time="44.639"/>
  <system-out/>
</testsuite> <!-- Runner.TestApplication -->
