<?xml version="1.0" encoding="UTF-8"?>
<!-- Generated by org.testng.reporters.JUnitReportReporter -->
<testsuite hostname="INMUVAVD000608" failures="0" tests="1" name="Runner.TestApplication" time="36.606" errors="0" timestamp="2023-09-04T18:12:17 IST" skipped="0">
  <testcase classname="Runner.TestApplication" name="runScenario" time="36.606"/>
  <system-out/>
</testsuite> <!-- Runner.TestApplication -->
