<?xml version="1.0" encoding="UTF-8"?>
<!-- Generated by org.testng.reporters.JUnitReportReporter -->
<testsuite hostname="AWS-PVDI-24" failures="0" tests="1" name="Runner.TestApplication" time="68.176" errors="0" timestamp="2023-09-12T18:46:05 IST" skipped="0">
  <testcase classname="Runner.TestApplication" name="runScenario" time="68.176"/>
  <system-out/>
</testsuite> <!-- Runner.TestApplication -->
