<?xml version="1.0" encoding="UTF-8"?>
<!-- Generated by org.testng.reporters.JUnitReportReporter -->
<testsuite hostname="AWS-PVDI-24" failures="0" tests="1" name="runner.NewExcelTestRunner" time="382.534" errors="0" timestamp="2024-02-08T18:58:45 IST" skipped="0">
  <testcase classname="runner.NewExcelTestRunner" name="test" time="382.534"/>
  <system-out/>
</testsuite> <!-- runner.NewExcelTestRunner -->
