<?xml version="1.0" encoding="UTF-8"?>
<!-- Generated by org.testng.reporters.JUnitReportReporter -->
<testsuite hostname="AWS-PVDI-24" failures="0" tests="1" name="Runner.TestApplication" time="34.327" errors="0" timestamp="2023-09-15T13:22:57 IST" skipped="0">
  <testcase classname="Runner.TestApplication" name="runScenario" time="34.327"/>
  <system-out/>
</testsuite> <!-- Runner.TestApplication -->
