<?xml version="1.0" encoding="UTF-8"?>
<!-- Generated by org.testng.reporters.JUnitReportReporter -->
<testsuite hostname="AWS-PVDI-24" failures="0" tests="5" name="Runner.TestApplication" time="98.197" errors="0" timestamp="2023-10-06T15:37:53 IST" skipped="0">
  <testcase classname="Runner.TestApplication" name="runScenario" time="25.396"/>
  <system-out/>
  <testcase classname="Runner.TestApplication" name="runScenario" time="19.006"/>
  <system-out/>
  <testcase classname="Runner.TestApplication" name="runScenario" time="16.656"/>
  <system-out/>
  <testcase classname="Runner.TestApplication" name="runScenario" time="20.074"/>
  <system-out/>
  <testcase classname="Runner.TestApplication" name="runScenario" time="17.065"/>
  <system-out/>
</testsuite> <!-- Runner.TestApplication -->
