<?xml version="1.0" encoding="UTF-8"?>
<!-- Generated by org.testng.reporters.JUnitReportReporter -->
<testsuite hostname="AWS-PVDI-24" failures="0" tests="1" name="runner.TestApplication" time="49.168" errors="0" timestamp="2024-02-09T18:45:46 IST" skipped="0">
  <testcase classname="runner.TestApplication" name="runScenario" time="49.168"/>
  <system-out/>
</testsuite> <!-- runner.TestApplication -->
