<?xml version="1.0" encoding="UTF-8"?>
<!-- Generated by org.testng.reporters.JUnitReportReporter -->
<testsuite hostname="AWS-PVDI-24" failures="0" tests="1" name="runner.TestApplication" time="52.041" errors="0" timestamp="2024-02-21T10:28:01 IST" skipped="0">
  <testcase classname="runner.TestApplication" name="runScenario" time="52.041"/>
  <system-out/>
</testsuite> <!-- runner.TestApplication -->
