<?xml version="1.0" encoding="UTF-8"?>
<!-- Generated by org.testng.reporters.JUnitReportReporter -->
<testsuite hostname="AWS-PVDI-24" failures="0" tests="1" name="Runner.TestApplication" time="35.382" errors="0" timestamp="2023-12-29T11:56:14 IST" skipped="0">
  <testcase classname="Runner.TestApplication" name="runScenario" time="35.382"/>
  <system-out/>
</testsuite> <!-- Runner.TestApplication -->
