<?xml version="1.0" encoding="UTF-8"?>
<!-- Generated by org.testng.reporters.JUnitReportReporter -->
<testsuite hostname="AWS-PVDI-24" failures="0" tests="1" name="Runner.TestApplication" time="31.968" errors="0" timestamp="2024-01-25T14:13:11 IST" skipped="0">
  <testcase classname="Runner.TestApplication" name="runScenario" time="31.968"/>
  <system-out/>
</testsuite> <!-- Runner.TestApplication -->
