<?xml version="1.0" encoding="UTF-8"?>
<!-- Generated by org.testng.reporters.JUnitReportReporter -->
<testsuite hostname="AWS-PVDI-24" failures="0" tests="5" name="Runner.TestApplication" time="107.821" errors="0" timestamp="2023-10-20T12:41:23 IST" skipped="0">
  <testcase classname="Runner.TestApplication" name="runScenario" time="28.813"/>
  <system-out/>
  <testcase classname="Runner.TestApplication" name="runScenario" time="20.521"/>
  <system-out/>
  <testcase classname="Runner.TestApplication" name="runScenario" time="19.330"/>
  <system-out/>
  <testcase classname="Runner.TestApplication" name="runScenario" time="19.623"/>
  <system-out/>
  <testcase classname="Runner.TestApplication" name="runScenario" time="19.534"/>
  <system-out/>
</testsuite> <!-- Runner.TestApplication -->
