<?xml version="1.0" encoding="UTF-8"?>
<!-- Generated by org.testng.reporters.JUnitReportReporter -->
<testsuite hostname="AWS-PVDI-24" failures="0" tests="1" name="Runner.TestApplication" time="39.450" errors="0" timestamp="2023-10-27T15:10:45 IST" skipped="0">
  <testcase classname="Runner.TestApplication" name="runScenario" time="39.450"/>
  <system-out/>
</testsuite> <!-- Runner.TestApplication -->
