<?xml version="1.0" encoding="UTF-8"?>
<!-- Generated by org.testng.reporters.JUnitReportReporter -->
<testsuite hostname="AWS-PVDI-24" failures="1" tests="1" name="Runner.TestApplication" time="47.751" errors="0" timestamp="2023-09-25T18:27:22 IST" skipped="0">
  <testcase classname="Runner.TestApplication" name="runScenario" time="47.751">
    <failure message="javascript error: Cannot read properties of null (reading &#039;style&#039;)
  (Session info: chrome=117.0.5938.89)
Build info: version: &#039;4.11.0&#039;, revision: &#039;040bc5406b&#039;
System info: os.name: &#039;Windows 10&#039;, os.arch: &#039;amd64&#039;, os.version: &#039;10.0&#039;, java.version: &#039;16.0.2&#039;
Driver info: org.openqa.selenium.chrome.ChromeDriver
Command: [7eb9b3c6dcda8f45536b365565341de5, executeScript {script=arguments[0].style.background=&#039;yellow&#039;, args=[null]}]
Capabilities {acceptInsecureCerts: false, browserName: chrome, browserVersion: 117.0.5938.89, chrome: {chromedriverVersion: 117.0.5938.92 (67649b10b92b..., userDataDir: C:\Users\ININDC~1\AppData\L...}, fedcm:accounts: true, goog:chromeOptions: {debuggerAddress: localhost:59458}, networkConnectionEnabled: false, pageLoadStrategy: normal, platformName: windows, proxy: Proxy(), se:cdp: ws://localhost:59458/devtoo..., se:cdpVersion: 117.0.5938.89, setWindowRect: true, strictFileInteractability: false, timeouts: {implicit: 0, pageLoad: 300000, script: 30000}, unhandledPromptBehavior: dismiss and notify, webauthn:extension:credBlob: true, webauthn:extension:largeBlob: true, webauthn:extension:minPinLength: true, webauthn:extension:prf: true, webauthn:virtualAuthenticators: true}
Session ID: 7eb9b3c6dcda8f45536b365565341de5" type="java.lang.AssertionError">
      <![CDATA[java.lang.AssertionError: javascript error: Cannot read properties of null (reading 'style')
  (Session info: chrome=117.0.5938.89)
Build info: version: '4.11.0', revision: '040bc5406b'
System info: os.name: 'Windows 10', os.arch: 'amd64', os.version: '10.0', java.version: '16.0.2'
Driver info: org.openqa.selenium.chrome.ChromeDriver
Command: [7eb9b3c6dcda8f45536b365565341de5, executeScript {script=arguments[0].style.background='yellow', args=[null]}]
Capabilities {acceptInsecureCerts: false, browserName: chrome, browserVersion: 117.0.5938.89, chrome: {chromedriverVersion: 117.0.5938.92 (67649b10b92b..., userDataDir: C:\Users\ININDC~1\AppData\L...}, fedcm:accounts: true, goog:chromeOptions: {debuggerAddress: localhost:59458}, networkConnectionEnabled: false, pageLoadStrategy: normal, platformName: windows, proxy: Proxy(), se:cdp: ws://localhost:59458/devtoo..., se:cdpVersion: 117.0.5938.89, setWindowRect: true, strictFileInteractability: false, timeouts: {implicit: 0, pageLoad: 300000, script: 30000}, unhandledPromptBehavior: dismiss and notify, webauthn:extension:credBlob: true, webauthn:extension:largeBlob: true, webauthn:extension:minPinLength: true, webauthn:extension:prf: true, webauthn:virtualAuthenticators: true}
Session ID: 7eb9b3c6dcda8f45536b365565341de5
at org.junit.Assert.fail(Assert.java:88)
at stepdefinitions.IJARAH_Steps.user_validate_the_balance_transfer_flag_field_is_available_in_customer_debt_screen(IJARAH_Steps.java:1117)
at âœ½.User_608 validate the Balance Transfer flag field is available in Customer Debt screen(file:///C:/Users/inindc00608/git/KULS_Sankar/KULS_Sankar/src/test/java/features/AppData_CustomerDebt.feature:44)
]]>
    </failure>
  </testcase> <!-- runScenario -->
  <system-out/>
</testsuite> <!-- Runner.TestApplication -->
