<?xml version="1.0" encoding="UTF-8"?>
<!-- Generated by org.testng.reporters.JUnitReportReporter -->
<testsuite hostname="AWS-PVDI-24" failures="1" tests="1" name="Runner.TestApplication" time="18.625" errors="0" timestamp="2023-09-20T19:01:36 IST" skipped="0">
  <testcase classname="Runner.TestApplication" name="runScenario" time="18.625">
    <failure message="Cannot invoke &quot;org.openqa.selenium.WebElement.isDisplayed()&quot; because &quot;classificationDropdown&quot; is null" type="java.lang.AssertionError">
      <![CDATA[java.lang.AssertionError: Cannot invoke "org.openqa.selenium.WebElement.isDisplayed()" because "classificationDropdown" is null
at org.junit.Assert.fail(Assert.java:88)
at stepdefinitions.IJARAH_Steps.user_verify_the_classification_dropdown_field_available_under_application_details_screen(IJARAH_Steps.java:5763)
at âœ½.User verify the Classification Dropdown field available under Application details screen(file:///C:/Users/inindc00608/git/KULS_Sankar/KULS_Sankar/src/test/java/features/DataCheck_ApplicationDetails.feature:92)
]]>
    </failure>
  </testcase> <!-- runScenario -->
  <system-out/>
</testsuite> <!-- Runner.TestApplication -->
