<?xml version="1.0" encoding="UTF-8"?>
<!-- Generated by org.testng.reporters.JUnitReportReporter -->
<testsuite hostname="AWS-PVDI-24" failures="0" tests="1" name="Runner.TestApplication" time="44.638" errors="0" timestamp="2023-09-26T18:44:38 IST" skipped="0">
  <testcase classname="Runner.TestApplication" name="runScenario" time="44.638"/>
  <system-out/>
</testsuite> <!-- Runner.TestApplication -->
