<?xml version="1.0" encoding="UTF-8"?>
<!-- Generated by org.testng.reporters.JUnitReportReporter -->
<testsuite hostname="AWS-PVDI-24" failures="0" tests="4" name="Runner.TestApplication" time="244.776" errors="0" timestamp="2023-11-23T17:20:38 IST" skipped="0">
  <testcase classname="Runner.TestApplication" name="runScenario" time="80.512"/>
  <system-out/>
  <testcase classname="Runner.TestApplication" name="runScenario" time="106.511"/>
  <system-out/>
  <testcase classname="Runner.TestApplication" name="runScenario" time="28.478"/>
  <system-out/>
  <testcase classname="Runner.TestApplication" name="runScenario" time="29.275"/>
  <system-out/>
</testsuite> <!-- Runner.TestApplication -->
