<?xml version="1.0" encoding="UTF-8"?>
<!-- Generated by org.testng.reporters.JUnitReportReporter -->
<testsuite hostname="DESKTOP-PSK9T3U" failures="0" tests="1" name="Runner.TestApplication" time="18.697" errors="0" timestamp="2023-08-29T16:05:02 IST" skipped="0">
  <testcase classname="Runner.TestApplication" name="runScenario" time="18.697"/>
  <system-out/>
</testsuite> <!-- Runner.TestApplication -->
