<?xml version="1.0" encoding="UTF-8"?>
<!-- Generated by org.testng.reporters.JUnitReportReporter -->
<testsuite hostname="DESKTOP-PSK9T3S" failures="0" tests="1" name="Runner.TestApplication" time="36.047" errors="0" timestamp="2023-08-31T18:02:02 IST" skipped="0">
  <testcase classname="Runner.TestApplication" name="runScenario" time="36.047"/>
  <system-out/>
</testsuite> <!-- Runner.TestApplication -->
