<?xml version="1.0" encoding="UTF-8"?>
<!-- Generated by org.testng.reporters.JUnitReportReporter -->
<testsuite hostname="DESKTOP-PSK9T3S" failures="0" tests="1" name="Runner.TestApplication" time="44.570" errors="0" timestamp="2023-09-04T18:55:14 IST" skipped="0">
  <testcase classname="Runner.TestApplication" name="runScenario" time="44.570"/>
  <system-out/>
</testsuite> <!-- Runner.TestApplication -->
