<?xml version="1.0" encoding="UTF-8"?>
<!-- Generated by org.testng.reporters.JUnitReportReporter -->
<testsuite hostname="DESKTOP-PSK9T3S" failures="0" tests="2" name="Runner.TestApplication" time="162.466" errors="0" timestamp="2023-09-08T16:40:28 IST" skipped="0">
  <testcase classname="Runner.TestApplication" name="runScenario" time="73.184"/>
  <system-out/>
  <testcase classname="Runner.TestApplication" name="runScenario" time="89.282"/>
  <system-out/>
</testsuite> <!-- Runner.TestApplication -->
