<?xml version="1.0" encoding="UTF-8"?>
<!-- Generated by org.testng.reporters.JUnitReportReporter -->
<testsuite hostname="AWS-PVDI-6" failures="0" tests="1" name="runner.TestApplication" time="64.316" errors="0" timestamp="2024-02-07T11:44:13 IST" skipped="0">
  <testcase classname="runner.TestApplication" name="runScenario" time="64.316"/>
</testsuite> <!-- runner.TestApplication -->
