<?xml version="1.0" encoding="UTF-8"?>
<!-- Generated by org.testng.reporters.JUnitReportReporter -->
<testsuite hostname="AWS-PVDI-12" failures="0" tests="11" name="runner.TestApplication" time="566.171" errors="0" timestamp="2024-02-20T11:17:58 IST" skipped="0">
  <testcase classname="runner.TestApplication" name="runScenario" time="46.254"/>
  <system-out/>
  <testcase classname="runner.TestApplication" name="runScenario" time="43.623"/>
  <system-out/>
  <testcase classname="runner.TestApplication" name="runScenario" time="34.982"/>
  <system-out/>
  <testcase classname="runner.TestApplication" name="runScenario" time="42.665"/>
  <system-out/>
  <testcase classname="runner.TestApplication" name="runScenario" time="47.893"/>
  <system-out/>
  <testcase classname="runner.TestApplication" name="runScenario" time="64.189"/>
  <system-out/>
  <testcase classname="runner.TestApplication" name="runScenario" time="51.606"/>
  <system-out/>
  <testcase classname="runner.TestApplication" name="runScenario" time="41.875"/>
  <system-out/>
  <testcase classname="runner.TestApplication" name="runScenario" time="110.555"/>
  <system-out/>
  <testcase classname="runner.TestApplication" name="runScenario" time="43.071"/>
  <system-out/>
  <testcase classname="runner.TestApplication" name="runScenario" time="39.458"/>
  <system-out/>
</testsuite> <!-- runner.TestApplication -->
