<?xml version="1.0" encoding="UTF-8"?>
<!-- Generated by org.testng.reporters.JUnitReportReporter -->
<testsuite hostname="DESKTOP-PSK9T3V" failures="0" tests="1" name="runner.TestApplication" time="75.576" errors="0" timestamp="2024-02-14T17:41:21 IST" skipped="0">
  <testcase classname="runner.TestApplication" name="runScenario" time="75.576"/>
  <system-out/>
</testsuite> <!-- runner.TestApplication -->
