<?xml version="1.0" encoding="UTF-8"?>
<!-- Generated by org.testng.reporters.JUnitReportReporter -->
<testsuite hostname="AWS-PVDI-6" failures="0" tests="1" name="runner.NewExcelTestRunner" time="4272.415" errors="0" timestamp="2024-02-06T19:54:15 IST" skipped="0">
  <testcase classname="runner.NewExcelTestRunner" name="test" time="4272.415"/>
</testsuite> <!-- runner.NewExcelTestRunner -->
