<?xml version="1.0" encoding="UTF-8"?>
<!-- Generated by org.testng.reporters.JUnitReportReporter -->
<testsuite hostname="AWS-PVDI-6" failures="0" tests="3" name="runner.TestApplication" time="205.481" errors="0" timestamp="2024-02-19T11:13:43 IST" skipped="0">
  <testcase classname="runner.TestApplication" name="runScenario" time="120.422"/>
  <testcase classname="runner.TestApplication" name="runScenario" time="35.122"/>
  <testcase classname="runner.TestApplication" name="runScenario" time="49.937"/>
</testsuite> <!-- runner.TestApplication -->
