<?xml version="1.0" encoding="UTF-8"?>
<!-- Generated by org.testng.reporters.JUnitReportReporter -->
<testsuite hostname="AWS-PVDI-6" failures="0" tests="5" name="runner.TestApplication" time="224.054" errors="0" timestamp="2024-02-23T10:39:30 IST" skipped="0">
  <testcase classname="runner.TestApplication" name="runScenario" time="45.476"/>
  <testcase classname="runner.TestApplication" name="runScenario" time="59.773"/>
  <testcase classname="runner.TestApplication" name="runScenario" time="38.320"/>
  <testcase classname="runner.TestApplication" name="runScenario" time="41.330"/>
  <testcase classname="runner.TestApplication" name="runScenario" time="39.155"/>
</testsuite> <!-- runner.TestApplication -->
