<?xml version="1.0" encoding="UTF-8"?>
<!-- Generated by org.testng.reporters.JUnitReportReporter -->
<testsuite hostname="AWS-PVDI-25" failures="0" tests="1" name="runner.TestApplication" time="85.607" errors="0" timestamp="2024-02-15T16:52:45 IST" skipped="0">
  <testcase classname="runner.TestApplication" name="runScenario" time="85.607"/>
  <system-out/>
</testsuite> <!-- runner.TestApplication -->
