<?xml version="1.0" encoding="UTF-8"?>
<!-- Generated by org.testng.reporters.JUnitReportReporter -->
<testsuite hostname="DESKTOP-PSK9T3V" failures="0" tests="1" name="Runner.TestApplication" time="42.095" errors="0" timestamp="2023-11-17T17:57:15 IST" skipped="0">
  <testcase classname="Runner.TestApplication" name="runScenario" time="42.095"/>
  <system-out/>
</testsuite> <!-- Runner.TestApplication -->
