<?xml version="1.0" encoding="UTF-8"?>
<!-- Generated by org.testng.reporters.JUnitReportReporter -->
<testsuite hostname="DESKTOP-PSK9T3V" failures="0" tests="1" name="Runner.TestApplication" time="32.131" errors="0" timestamp="2024-01-12T11:01:54 IST" skipped="0">
  <testcase classname="Runner.TestApplication" name="runScenario" time="32.131"/>
  <system-out/>
</testsuite> <!-- Runner.TestApplication -->
