<?xml version="1.0" encoding="UTF-8"?>
<!-- Generated by org.testng.reporters.JUnitReportReporter -->
<testsuite hostname="DESKTOP-PSK9T3V" failures="0" tests="8" name="Runner.TestApplication" time="276.444" errors="0" timestamp="2024-01-20T11:00:21 IST" skipped="0">
  <testcase classname="Runner.TestApplication" name="runScenario" time="32.336"/>
  <system-out/>
  <testcase classname="Runner.TestApplication" name="runScenario" time="38.018"/>
  <system-out/>
  <testcase classname="Runner.TestApplication" name="runScenario" time="32.990"/>
  <system-out/>
  <testcase classname="Runner.TestApplication" name="runScenario" time="29.749"/>
  <system-out/>
  <testcase classname="Runner.TestApplication" name="runScenario" time="27.374"/>
  <system-out/>
  <testcase classname="Runner.TestApplication" name="runScenario" time="46.847"/>
  <system-out/>
  <testcase classname="Runner.TestApplication" name="runScenario" time="36.709"/>
  <system-out/>
  <testcase classname="Runner.TestApplication" name="runScenario" time="32.421"/>
  <system-out/>
</testsuite> <!-- Runner.TestApplication -->
