<?xml version="1.0" encoding="UTF-8"?>
<!-- Generated by org.testng.reporters.JUnitReportReporter -->
<testsuite hostname="DESKTOP-PSK9T3V" failures="0" tests="6" name="Runner.TestApplication" time="227.949" errors="0" timestamp="2023-12-04T16:43:45 IST" skipped="0">
  <testcase classname="Runner.TestApplication" name="runScenario" time="68.271"/>
  <system-out/>
  <testcase classname="Runner.TestApplication" name="runScenario" time="24.639"/>
  <system-out/>
  <testcase classname="Runner.TestApplication" name="runScenario" time="22.121"/>
  <system-out/>
  <testcase classname="Runner.TestApplication" name="runScenario" time="39.589"/>
  <system-out/>
  <testcase classname="Runner.TestApplication" name="runScenario" time="32.679"/>
  <system-out/>
  <testcase classname="Runner.TestApplication" name="runScenario" time="40.650"/>
  <system-out/>
</testsuite> <!-- Runner.TestApplication -->
