<?xml version="1.0" encoding="UTF-8"?>
<!-- Generated by org.testng.reporters.JUnitReportReporter -->
<testsuite hostname="DESKTOP-PSK9T3V" failures="0" tests="13" name="Runner.TestApplication" time="449.010" errors="0" timestamp="2024-01-25T15:08:26 IST" skipped="0">
  <testcase classname="Runner.TestApplication" name="runScenario" time="30.752"/>
  <system-out/>
  <testcase classname="Runner.TestApplication" name="runScenario" time="35.248"/>
  <system-out/>
  <testcase classname="Runner.TestApplication" name="runScenario" time="34.608"/>
  <system-out/>
  <testcase classname="Runner.TestApplication" name="runScenario" time="45.618"/>
  <system-out/>
  <testcase classname="Runner.TestApplication" name="runScenario" time="26.759"/>
  <system-out/>
  <testcase classname="Runner.TestApplication" name="runScenario" time="34.113"/>
  <system-out/>
  <testcase classname="Runner.TestApplication" name="runScenario" time="46.515"/>
  <system-out/>
  <testcase classname="Runner.TestApplication" name="runScenario" time="33.447"/>
  <system-out/>
  <testcase classname="Runner.TestApplication" name="runScenario" time="34.271"/>
  <system-out/>
  <testcase classname="Runner.TestApplication" name="runScenario" time="27.055"/>
  <system-out/>
  <testcase classname="Runner.TestApplication" name="runScenario" time="31.139"/>
  <system-out/>
  <testcase classname="Runner.TestApplication" name="runScenario" time="32.912"/>
  <system-out/>
  <testcase classname="Runner.TestApplication" name="runScenario" time="36.573"/>
  <system-out/>
</testsuite> <!-- Runner.TestApplication -->
