<?xml version="1.0" encoding="UTF-8"?>
<!-- Generated by org.testng.reporters.JUnitReportReporter -->
<testsuite hostname="DESKTOP-PSK9T3V" failures="0" tests="6" name="Runner.TestApplication" time="159.471" errors="0" timestamp="2024-01-22T11:37:11 IST" skipped="0">
  <testcase classname="Runner.TestApplication" name="runScenario" time="26.461"/>
  <system-out/>
  <testcase classname="Runner.TestApplication" name="runScenario" time="24.399"/>
  <system-out/>
  <testcase classname="Runner.TestApplication" name="runScenario" time="33.249"/>
  <system-out/>
  <testcase classname="Runner.TestApplication" name="runScenario" time="26.038"/>
  <system-out/>
  <testcase classname="Runner.TestApplication" name="runScenario" time="24.523"/>
  <system-out/>
  <testcase classname="Runner.TestApplication" name="runScenario" time="24.801"/>
  <system-out/>
</testsuite> <!-- Runner.TestApplication -->
