<?xml version="1.0" encoding="UTF-8"?>
<!-- Generated by org.testng.reporters.JUnitReportReporter -->
<testsuite hostname="DESKTOP-PSK9T3V" failures="0" tests="3" name="Runner.TestApplication" time="150.310" errors="0" timestamp="2023-11-23T16:01:07 IST" skipped="0">
  <testcase classname="Runner.TestApplication" name="runScenario" time="39.812"/>
  <system-out/>
  <testcase classname="Runner.TestApplication" name="runScenario" time="50.860"/>
  <system-out/>
  <testcase classname="Runner.TestApplication" name="runScenario" time="59.638"/>
  <system-out/>
</testsuite> <!-- Runner.TestApplication -->
