<?xml version="1.0" encoding="UTF-8"?>
<!-- Generated by org.testng.reporters.JUnitReportReporter -->
<testsuite hostname="DESKTOP-PSK9T3V" failures="0" tests="1" name="runner.TestApplication" time="61.052" errors="0" timestamp="2024-02-07T15:26:30 IST" skipped="0">
  <testcase classname="runner.TestApplication" name="runScenario" time="61.052"/>
  <system-out/>
</testsuite> <!-- runner.TestApplication -->
