<?xml version="1.0" encoding="UTF-8"?>
<!-- Generated by org.testng.reporters.JUnitReportReporter -->
<testsuite hostname="AWS-PVDI-6" failures="0" tests="1" name="utilities.TestDemo" time="0.055" errors="0" timestamp="2023-11-29T12:16:25 IST" skipped="0">
  <testcase classname="utilities.TestDemo" name="voidTestOne" time="0.055"/>
  <system-out/>
</testsuite> <!-- utilities.TestDemo -->
