<?xml version="1.0" encoding="UTF-8"?>
<!-- Generated by org.testng.reporters.JUnitReportReporter -->
<testsuite hostname="INMUVADP014584" failures="0" tests="2" name="Runner.FailedRun" time="138.993" errors="0" timestamp="2022-07-11T09:49:34 IST" skipped="0">
  <testcase classname="Runner.FailedRun" name="runScenario" time="86.396"/>
  <system-out/>
  <testcase classname="Runner.FailedRun" name="runScenario" time="52.597"/>
  <system-out/>
</testsuite> <!-- Runner.FailedRun -->
