<?xml version="1.0" encoding="UTF-8"?>
<!-- Generated by org.testng.reporters.JUnitReportReporter -->
<testsuite hostname="AWS-PVDI-6" failures="0" tests="1" name="Runner.NewExcelTestRunner" time="6800.905" errors="0" timestamp="2023-12-06T20:34:18 IST" skipped="0">
  <testcase classname="Runner.NewExcelTestRunner" name="test" time="6800.905"/>
  <system-out/>
</testsuite> <!-- Runner.NewExcelTestRunner -->
