<?xml version="1.0" encoding="UTF-8"?>
<!-- Generated by org.testng.reporters.JUnitReportReporter -->
<testsuite hostname="DESKTOP-PSK9T3U" failures="0" tests="3" name="stepdefinitions.CSMLogin" time="56.443" errors="0" timestamp="2023-03-28T13:06:55 IST" skipped="0">
  <testcase classname="stepdefinitions.CSMLogin" name="loginIntoCSMApplication" time="24.599"/>
  <system-out/>
  <testcase classname="stepdefinitions.CSMLogin" name="loginIntoCSMParamApplication" time="18.938"/>
  <system-out/>
  <testcase classname="stepdefinitions.CSMLogin" name="loginIntoSadsApplication" time="12.906"/>
  <system-out/>
</testsuite> <!-- stepdefinitions.CSMLogin -->
