<?xml version="1.0" encoding="UTF-8"?>
<!-- Generated by org.testng.reporters.JUnitReportReporter -->
<testsuite hostname="AWS-PVDI-25" failures="0" tests="1" name="Runner.TestApplication" time="65.933" errors="0" timestamp="2023-11-09T10:05:34 IST" skipped="0">
  <testcase classname="Runner.TestApplication" name="runScenario" time="65.933"/>
  <system-out/>
</testsuite> <!-- Runner.TestApplication -->
