<?xml version="1.0" encoding="UTF-8"?>
<!-- Generated by org.testng.reporters.JUnitReportReporter -->
<testsuite hostname="AWS-PVDI-45" failures="0" tests="1" name="Runner.TestApplication" time="33.539" errors="0" timestamp="2023-11-15T13:09:58 IST" skipped="0">
  <testcase classname="Runner.TestApplication" name="runScenario" time="33.539"/>
</testsuite> <!-- Runner.TestApplication -->
