<?xml version="1.0" encoding="UTF-8"?>
<!-- Generated by org.testng.reporters.JUnitReportReporter -->
<testsuite hostname="AWS-PVDI-45" failures="1" tests="1" name="Runner.TestApplication" time="37.803" errors="0" timestamp="2023-09-19T18:17:25 IST" skipped="0">
  <testcase classname="Runner.TestApplication" name="runScenario" time="37.803">
    <failure message="Cannot invoke &quot;org.openqa.selenium.WebElement.click()&quot; because the return value of &quot;helper.JavascriptHelper.executeScriptWithWebElement(String)&quot; is null" type="java.lang.AssertionError">
      <![CDATA[java.lang.AssertionError: Cannot invoke "org.openqa.selenium.WebElement.click()" because the return value of "helper.JavascriptHelper.executeScriptWithWebElement(String)" is null
at org.junit.Assert.fail(Assert.java:88)
at stepdefinitions.IjaraTest.user_click_the_entitle_button_under_inbox(IjaraTest.java:3377)
at âœ½.User click the Entitle button under inbox(file:///C:/Users/inindc00626/git/ULS_Ijarahkk/ULS_kailash/src/test/java/features/CustomerDebt.feature:11)
]]>
    </failure>
  </testcase> <!-- runScenario -->
</testsuite> <!-- Runner.TestApplication -->
