<?xml version="1.0" encoding="UTF-8"?>
<!-- Generated by org.testng.reporters.JUnitReportReporter -->
<testsuite hostname="AWS-PVDI-45" failures="1" tests="1" name="Runner.TestApplication" time="23.419" errors="0" timestamp="2023-09-20T16:02:36 IST" skipped="0">
  <testcase classname="Runner.TestApplication" name="runScenario" time="23.419">
    <failure message="Cannot invoke &quot;org.openqa.selenium.WebElement.isDisplayed()&quot; because &quot;accountNumberLabel&quot; is null" type="java.lang.AssertionError">
      <![CDATA[java.lang.AssertionError: Cannot invoke "org.openqa.selenium.WebElement.isDisplayed()" because "accountNumberLabel" is null
at org.junit.Assert.fail(Assert.java:88)
at stepdefinitions.IjaraTest.user_verify_the_account_number_field_below_the_customber_debt_details(IjaraTest.java:3487)
at âœ½.user verify the account number field below the Customber debt details(file:///C:/Users/inindc00626/git/ULS_Ijarahkk/ULS_kailash/src/test/java/features/CustomerDebt.feature:16)
]]>
    </failure>
  </testcase> <!-- runScenario -->
</testsuite> <!-- Runner.TestApplication -->
