<?xml version="1.0" encoding="UTF-8"?>
<!-- Generated by org.testng.reporters.JUnitReportReporter -->
<testsuite hostname="AWS-PVDI-45" failures="0" tests="1" name="Runner.TestApplication" time="35.322" errors="0" timestamp="2023-09-26T17:59:07 IST" skipped="0">
  <testcase classname="Runner.TestApplication" name="runScenario" time="35.322"/>
</testsuite> <!-- Runner.TestApplication -->
