<?xml version="1.0" encoding="UTF-8"?>
<!-- Generated by org.testng.reporters.JUnitReportReporter -->
<testsuite hostname="AWS-PVDI-45" failures="1" tests="1" name="Runner.TestApplication" time="37.514" errors="0" timestamp="2023-09-20T17:21:51 IST" skipped="0">
  <testcase classname="Runner.TestApplication" name="runScenario" time="37.514">
    <failure message="element not interactable
  (Session info: chrome=117.0.5938.88)
Build info: version: &#039;4.11.0&#039;, revision: &#039;040bc5406b&#039;
System info: os.name: &#039;Windows 10&#039;, os.arch: &#039;amd64&#039;, os.version: &#039;10.0&#039;, java.version: &#039;17.0.8.1&#039;
Driver info: org.openqa.selenium.chrome.ChromeDriver
Command: [79c7dbf5c48fb6652544bef0f23d1bc3, clickElement {id=F5C458ADA7F1C4D8B9D62268BCC35562_element_117}]
Capabilities {acceptInsecureCerts: false, browserName: chrome, browserVersion: 117.0.5938.88, chrome: {chromedriverVersion: 117.0.5938.88 (be6afae47212..., userDataDir: C:\Users\ININDC~1\AppData\L...}, fedcm:accounts: true, goog:chromeOptions: {debuggerAddress: localhost:62697}, networkConnectionEnabled: false, pageLoadStrategy: normal, platformName: windows, proxy: Proxy(), se:cdp: ws://localhost:62697/devtoo..., se:cdpVersion: 117.0.5938.88, setWindowRect: true, strictFileInteractability: false, timeouts: {implicit: 0, pageLoad: 300000, script: 30000}, unhandledPromptBehavior: dismiss and notify, webauthn:extension:credBlob: true, webauthn:extension:largeBlob: true, webauthn:extension:minPinLength: true, webauthn:extension:prf: true, webauthn:virtualAuthenticators: true}
Element: [org.openqa.selenium.remote.RemoteWebElement@62fcc4b9 -&gt; unknown locator]
Session ID: 79c7dbf5c48fb6652544bef0f23d1bc3" type="java.lang.AssertionError">
      <![CDATA[java.lang.AssertionError: element not interactable
  (Session info: chrome=117.0.5938.88)
Build info: version: '4.11.0', revision: '040bc5406b'
System info: os.name: 'Windows 10', os.arch: 'amd64', os.version: '10.0', java.version: '17.0.8.1'
Driver info: org.openqa.selenium.chrome.ChromeDriver
Command: [79c7dbf5c48fb6652544bef0f23d1bc3, clickElement {id=F5C458ADA7F1C4D8B9D62268BCC35562_element_117}]
Capabilities {acceptInsecureCerts: false, browserName: chrome, browserVersion: 117.0.5938.88, chrome: {chromedriverVersion: 117.0.5938.88 (be6afae47212..., userDataDir: C:\Users\ININDC~1\AppData\L...}, fedcm:accounts: true, goog:chromeOptions: {debuggerAddress: localhost:62697}, networkConnectionEnabled: false, pageLoadStrategy: normal, platformName: windows, proxy: Proxy(), se:cdp: ws://localhost:62697/devtoo..., se:cdpVersion: 117.0.5938.88, setWindowRect: true, strictFileInteractability: false, timeouts: {implicit: 0, pageLoad: 300000, script: 30000}, unhandledPromptBehavior: dismiss and notify, webauthn:extension:credBlob: true, webauthn:extension:largeBlob: true, webauthn:extension:minPinLength: true, webauthn:extension:prf: true, webauthn:virtualAuthenticators: true}
Element: [org.openqa.selenium.remote.RemoteWebElement@62fcc4b9 -> unknown locator]
Session ID: 79c7dbf5c48fb6652544bef0f23d1bc3
at org.junit.Assert.fail(Assert.java:88)
at stepdefinitions.IjaraTest.user_click_on_the_action_button_below_financial_commitments(IjaraTest.java:3468)
at âœ½.User click On the Action button below Financial Commitments(file:///C:/Users/inindc00626/git/ULS_Ijarahkk/ULS_kailash/src/test/java/features/CustomerDebt.feature:15)
]]>
    </failure>
  </testcase> <!-- runScenario -->
</testsuite> <!-- Runner.TestApplication -->
