<?xml version="1.0" encoding="UTF-8"?>
<!-- Generated by org.testng.reporters.JUnitReportReporter -->
<testsuite hostname="AWS-PVDI-45" failures="0" tests="1" name="Runner.TestApplication" time="32.238" errors="0" timestamp="2023-09-25T17:07:15 IST" skipped="0">
  <testcase classname="Runner.TestApplication" name="runScenario" time="32.238"/>
</testsuite> <!-- Runner.TestApplication -->
