<?xml version="1.0" encoding="UTF-8"?>
<!-- Generated by org.testng.reporters.JUnitReportReporter -->
<testsuite hostname="PSK9T3U-DESKTOP" failures="0" tests="1" name="Runner.TestApplication" time="40.010" errors="0" timestamp="2024-01-08T15:10:47 IST" skipped="0">
  <testcase classname="Runner.TestApplication" name="runScenario" time="40.010"/>
  <system-out/>
</testsuite> <!-- Runner.TestApplication -->
