<?xml version="1.0" encoding="UTF-8"?>
<!-- Generated by org.testng.reporters.JUnitReportReporter -->
<testsuite hostname="AWS-PVDI-6" failures="0" tests="1" name="Runner.TestApplication" time="85.181" errors="0" timestamp="2023-12-27T17:44:32 IST" skipped="0">
  <testcase classname="Runner.TestApplication" name="runScenario" time="85.181"/>
  <system-out/>
</testsuite> <!-- Runner.TestApplication -->
