<?xml version="1.0" encoding="UTF-8"?>
<!-- Generated by org.testng.reporters.JUnitReportReporter -->
<testsuite hostname="PSK9T3U-DESKTOP" failures="1" tests="1" name="Runner.TestApplication" time="181.100" errors="0" timestamp="2023-12-28T14:51:31 IST" skipped="0">
  <testcase classname="Runner.TestApplication" name="runScenario" time="181.100">
    <failure message="Cannot invoke &quot;org.openqa.selenium.WebElement.click()&quot; because the return value of &quot;helper.JavascriptHelper.executeScriptWithWebElement(String)&quot; is null" type="java.lang.AssertionError">
      <![CDATA[java.lang.AssertionError: Cannot invoke "org.openqa.selenium.WebElement.click()" because the return value of "helper.JavascriptHelper.executeScriptWithWebElement(String)" is null
at org.junit.Assert.fail(Assert.java:88)
at stepdefinitions.IjarahCustomerSearchStep.user_click_the_menu_icon_in_after_loginscreen(IjarahCustomerSearchStep.java:42)
at âœ½.user click the menu icon in after loginscreen(file:///C:/Users/ININDC00482/git/ULS_Ijarah_Master/ULS_Ijarah_MainRepository/src/test/java/features/IjarahFeatures/Ijarah_CUSTOMERSEARCH.feature:9)
]]>
    </failure>
  </testcase> <!-- runScenario -->
  <system-out/>
</testsuite> <!-- Runner.TestApplication -->
