<?xml version="1.0" encoding="UTF-8"?>
<!-- Generated by org.testng.reporters.JUnitReportReporter -->
<testsuite hostname="AWS-PVDI-24" failures="0" tests="1" name="Runner.TestApplication" time="73.297" errors="0" timestamp="2024-01-30T17:09:40 IST" skipped="0">
  <testcase classname="Runner.TestApplication" name="runScenario" time="73.297"/>
  <system-out/>
</testsuite> <!-- Runner.TestApplication -->
