<?xml version="1.0" encoding="UTF-8"?>
<!-- Generated by org.testng.reporters.JUnitReportReporter -->
<testsuite hostname="AWS-PVDI-6" failures="0" tests="1" name="runner.NewExcelTestRunner" time="205.134" errors="0" timestamp="2024-02-29T15:47:25 IST" skipped="0">
  <testcase classname="runner.NewExcelTestRunner" name="test" time="205.134"/>
</testsuite> <!-- runner.NewExcelTestRunner -->
