<?xml version="1.0" encoding="UTF-8"?>
<!-- Generated by org.testng.reporters.JUnitReportReporter -->
<testsuite hostname="AWS-PVDI-12" failures="0" tests="1" name="runner.TestApplication" time="59.538" errors="0" timestamp="2024-03-06T14:31:35 IST" skipped="0">
  <testcase classname="runner.TestApplication" name="runScenario" time="59.538"/>
  <system-out/>
</testsuite> <!-- runner.TestApplication -->
