<?xml version="1.0" encoding="UTF-8"?>
<!-- Generated by org.testng.reporters.JUnitReportReporter -->
<testsuite hostname="AWS-PVDI-24" failures="0" tests="1" name="runner.TestApplication" time="66.156" errors="0" timestamp="2024-02-21T18:05:51 IST" skipped="0">
  <testcase classname="runner.TestApplication" name="runScenario" time="66.156"/>
  <system-out/>
</testsuite> <!-- runner.TestApplication -->
