<?xml version="1.0" encoding="UTF-8"?>
<!-- Generated by org.testng.reporters.JUnitReportReporter -->
<testsuite hostname="DESKTOP-PSK9T3V" failures="0" tests="1" name="runner.TestApplication" time="54.606" errors="0" timestamp="2024-02-29T12:25:06 IST" skipped="0">
  <testcase classname="runner.TestApplication" name="runScenario" time="54.606"/>
  <system-out/>
</testsuite> <!-- runner.TestApplication -->
