<?xml version="1.0" encoding="UTF-8"?>
<!-- Generated by org.testng.reporters.JUnitReportReporter -->
<testsuite hostname="AWS-PVDI-6" failures="0" tests="8" name="runner.TestApplication" time="558.269" errors="0" timestamp="2024-02-29T12:56:32 IST" skipped="0">
  <testcase classname="runner.TestApplication" name="runScenario" time="55.226"/>
  <testcase classname="runner.TestApplication" name="runScenario" time="42.392"/>
  <testcase classname="runner.TestApplication" name="runScenario" time="158.474"/>
  <testcase classname="runner.TestApplication" name="runScenario" time="67.210"/>
  <testcase classname="runner.TestApplication" name="runScenario" time="55.810"/>
  <testcase classname="runner.TestApplication" name="runScenario" time="74.981"/>
  <testcase classname="runner.TestApplication" name="runScenario" time="63.878"/>
  <testcase classname="runner.TestApplication" name="runScenario" time="40.298"/>
</testsuite> <!-- runner.TestApplication -->
