<?xml version="1.0" encoding="UTF-8"?>
<!-- Generated by org.testng.reporters.JUnitReportReporter -->
<testsuite hostname="DESKTOP-PSK9T3V" failures="0" tests="3" name="runner.TestApplication" time="194.423" errors="0" timestamp="2024-02-26T18:01:07 IST" skipped="0">
  <testcase classname="runner.TestApplication" name="runScenario" time="69.765"/>
  <system-out/>
  <testcase classname="runner.TestApplication" name="runScenario" time="55.532"/>
  <system-out/>
  <testcase classname="runner.TestApplication" name="runScenario" time="69.126"/>
  <system-out/>
</testsuite> <!-- runner.TestApplication -->
