<?xml version="1.0" encoding="UTF-8"?>
<!-- Generated by org.testng.reporters.JUnitReportReporter -->
<testsuite hostname="AWS-PVDI-24" failures="0" tests="1" name="runner.TestApplication" time="58.597" errors="0" timestamp="2024-02-23T15:42:31 IST" skipped="0">
  <testcase classname="runner.TestApplication" name="runScenario" time="58.597"/>
  <system-out/>
</testsuite> <!-- runner.TestApplication -->
