<?xml version="1.0" encoding="UTF-8"?>
<!-- Generated by org.testng.reporters.JUnitReportReporter -->
<testsuite hostname="DESKTOP-PSK9T3C" failures="0" tests="1" name="Runner.TestApplication" time="23.813" errors="0" timestamp="2023-11-03T15:15:56 IST" skipped="0">
  <testcase classname="Runner.TestApplication" name="runScenario" time="23.813"/>
  <system-out/>
</testsuite> <!-- Runner.TestApplication -->
