<?xml version="1.0" encoding="UTF-8"?>
<!-- Generated by org.testng.reporters.JUnitReportReporter -->
<testsuite hostname="DESKTOP-PSK9T3U" failures="0" tests="1" name="Runner.TestApplication" time="22.413" errors="1" timestamp="2023-09-06T17:51:33 IST" skipped="0">
  <testcase classname="Runner.TestApplication" name="runScenario" time="22.413">
    <error message="Cannot invoke &quot;org.openqa.selenium.WebElement.click()&quot; because the return value of &quot;helper.JavascriptHelper.executeScriptWithWebElement(String)&quot; is null" type="java.lang.NullPointerException">
      <![CDATA[java.lang.NullPointerException: Cannot invoke "org.openqa.selenium.WebElement.click()" because the return value of "helper.JavascriptHelper.executeScriptWithWebElement(String)" is null
at stepdefinitions.Ijara_Repayment_Mode_Steps.user_615_select_the_module_name(Ijara_Repayment_Mode_Steps.java:38)
at âœ½.user_615 select the module name(file:///C:/Users/ININDC00071/git/ULS_Ijarah/AzentioAutomationFramework_Ijara/src/test/java/features/Ijara_Quotation_Info.feature:67)
]]>
    </error>
  </testcase> <!-- runScenario -->
  <system-out/>
</testsuite> <!-- Runner.TestApplication -->
