<?xml version="1.0" encoding="UTF-8"?>
<!-- Generated by org.testng.reporters.JUnitReportReporter -->
<testsuite hostname="PSK9T3U-DESKTOP" failures="0" tests="1" name="Runner.TestApplication" time="64.669" errors="1" timestamp="2024-01-03T12:02:43 IST" skipped="0">
  <testcase classname="Runner.TestApplication" name="runScenario" time="64.669">
    <error message="Cannot invoke &quot;String.trim()&quot; because the return value of &quot;java.util.Map.get(Object)&quot; is null" type="java.lang.NullPointerException">
      <![CDATA[java.lang.NullPointerException: Cannot invoke "String.trim()" because the return value of "java.util.Map.get(Object)" is null
at stepdefinitions.New_Application.user_check_product_field_should_be_editable(New_Application.java:465)
at âœ½.User_607 Check Product Field should be editable(file:///C:/Users/ININDC00482/git/Murabha/ULS_Murabha_MainRepository/src/test/java/features/MurabhaFeatures/Murabha_CUSTOMER_SEARCH.feature:313)
]]>
    </error>
  </testcase> <!-- runScenario -->
  <system-out/>
</testsuite> <!-- Runner.TestApplication -->
