<?xml version="1.0" encoding="UTF-8"?>
<!-- Generated by org.testng.reporters.JUnitReportReporter -->
<testsuite hostname="PSK9T3U-DESKTOP" failures="0" tests="1" name="Runner.TestApplication" time="77.774" errors="0" timestamp="2024-01-11T10:32:06 IST" skipped="0">
  <testcase classname="Runner.TestApplication" name="runScenario" time="77.774"/>
  <system-out/>
</testsuite> <!-- Runner.TestApplication -->
