<?xml version="1.0" encoding="UTF-8"?>
<!-- Generated by org.testng.reporters.JUnitReportReporter -->
<testsuite hostname="PSK9T3U-DESKTOP" failures="0" tests="1" name="Runner.TestApplication" time="19.106" errors="1" timestamp="2024-01-09T10:31:14 IST" skipped="0">
  <testcase classname="Runner.TestApplication" name="runScenario" time="19.106">
    <error message="Keys to send should be a not null CharSequence" type="java.lang.IllegalArgumentException">
      <![CDATA[java.lang.IllegalArgumentException: Keys to send should be a not null CharSequence
at org.openqa.selenium.remote.RemoteWebElement.sendKeys(RemoteWebElement.java:97)
at stepdefinitions.MurabhaLogin.loginWithMurabhaApplication(MurabhaLogin.java:31)
at stepdefinitions.Murabha_AddressDetailsSteps.login_with_valid_credentials_for_murabha_operation_check(Murabha_AddressDetailsSteps.java:166)
at âœ½.login with valid credentials for Murabha_OperationCheck(file:///C:/Users/ININDC00482/git/Murabha/ULS_Murabha_MainRepository/src/test/java/features/MurabhaFeatures/Murabha_OperationCheck.feature:6)
]]>
    </error>
  </testcase> <!-- runScenario -->
  <system-out/>
</testsuite> <!-- Runner.TestApplication -->
