<?xml version="1.0" encoding="UTF-8"?>
<!-- Generated by org.testng.reporters.JUnitReportReporter -->
<testsuite hostname="PSK9T3U-DESKTOP" failures="0" tests="1" name="Runner.TestApplication" time="43.826" errors="1" timestamp="2023-12-22T16:56:11 IST" skipped="0">
  <testcase classname="Runner.TestApplication" name="runScenario" time="43.826">
    <error message="Cannot invoke &quot;String.trim()&quot; because &quot;dropdownValue&quot; is null" type="java.lang.NullPointerException">
      <![CDATA[java.lang.NullPointerException: Cannot invoke "String.trim()" because "dropdownValue" is null
at helper.ClicksAndActionsHelper.jsSelectUsingText(ClicksAndActionsHelper.java:161)
at stepdefinitions.ULS_ApplicationDetails_NewApp_Steps.user_076_in_customer_search_screen_select_the_customer_type(ULS_ApplicationDetails_NewApp_Steps.java:436)
at âœ½.user_076 in customer search screen select the customer type(file:///C:/Users/ININDC00482/eclipse-workspace/ULS_Murabha_MainRepository/src/test/java/features/MurabhaFeatures/Murabaha_NewApp_ApplicationDetailsFEATURE.feature:14)
]]>
    </error>
  </testcase> <!-- runScenario -->
  <system-out/>
</testsuite> <!-- Runner.TestApplication -->
