<?xml version="1.0" encoding="UTF-8"?>
<!-- Generated by org.testng.reporters.JUnitReportReporter -->
<testsuite hostname="AWS-PVDI-25" failures="0" tests="1" name="Runner.TestApplication" time="35.775" errors="0" timestamp="2024-01-05T10:53:48 IST" skipped="0">
  <testcase classname="Runner.TestApplication" name="runScenario" time="35.775"/>
  <system-out/>
</testsuite> <!-- Runner.TestApplication -->
