<?xml version="1.0" encoding="UTF-8"?>
<!-- Generated by org.testng.reporters.JUnitReportReporter -->
<testsuite hostname="AWS-PVDI-25" failures="1" tests="5" name="Runner.TestApplication" time="275.188" errors="0" timestamp="2023-12-14T09:46:14 IST" skipped="0">
  <testcase classname="Runner.TestApplication" name="runScenario" time="58.691"/>
  <system-out/>
  <testcase classname="Runner.TestApplication" name="runScenario" time="62.739"/>
  <system-out/>
  <testcase classname="Runner.TestApplication" name="runScenario" time="31.121">
    <failure message="javascript error: Cannot read properties of null (reading &#039;style&#039;)
  (Session info: chrome=120.0.6099.71)
Build info: version: &#039;4.11.0&#039;, revision: &#039;040bc5406b&#039;
System info: os.name: &#039;Windows 10&#039;, os.arch: &#039;amd64&#039;, os.version: &#039;10.0&#039;, java.version: &#039;17.0.7&#039;
Driver info: org.openqa.selenium.chrome.ChromeDriver
Command: [f9cf1c75771a7145bf9d09aaf08d792a, executeScript {script=arguments[0].style.background=&#039;yellow&#039;, args=[null]}]
Capabilities {acceptInsecureCerts: false, browserName: chrome, browserVersion: 120.0.6099.71, chrome: {chromedriverVersion: 120.0.6099.71 (9729082fe617..., userDataDir: C:\Users\ININDC~1\AppData\L...}, fedcm:accounts: true, goog:chromeOptions: {debuggerAddress: localhost:58924}, networkConnectionEnabled: false, pageLoadStrategy: normal, platformName: windows, proxy: Proxy(), se:cdp: ws://localhost:58924/devtoo..., se:cdpVersion: 120.0.6099.71, setWindowRect: true, strictFileInteractability: false, timeouts: {implicit: 0, pageLoad: 300000, script: 30000}, unhandledPromptBehavior: dismiss and notify, webauthn:extension:credBlob: true, webauthn:extension:largeBlob: true, webauthn:extension:minPinLength: true, webauthn:extension:prf: true, webauthn:virtualAuthenticators: true}
Session ID: f9cf1c75771a7145bf9d09aaf08d792a" type="java.lang.AssertionError">
      <![CDATA[java.lang.AssertionError: javascript error: Cannot read properties of null (reading 'style')
  (Session info: chrome=120.0.6099.71)
Build info: version: '4.11.0', revision: '040bc5406b'
System info: os.name: 'Windows 10', os.arch: 'amd64', os.version: '10.0', java.version: '17.0.7'
Driver info: org.openqa.selenium.chrome.ChromeDriver
Command: [f9cf1c75771a7145bf9d09aaf08d792a, executeScript {script=arguments[0].style.background='yellow', args=[null]}]
Capabilities {acceptInsecureCerts: false, browserName: chrome, browserVersion: 120.0.6099.71, chrome: {chromedriverVersion: 120.0.6099.71 (9729082fe617..., userDataDir: C:\Users\ININDC~1\AppData\L...}, fedcm:accounts: true, goog:chromeOptions: {debuggerAddress: localhost:58924}, networkConnectionEnabled: false, pageLoadStrategy: normal, platformName: windows, proxy: Proxy(), se:cdp: ws://localhost:58924/devtoo..., se:cdpVersion: 120.0.6099.71, setWindowRect: true, strictFileInteractability: false, timeouts: {implicit: 0, pageLoad: 300000, script: 30000}, unhandledPromptBehavior: dismiss and notify, webauthn:extension:credBlob: true, webauthn:extension:largeBlob: true, webauthn:extension:minPinLength: true, webauthn:extension:prf: true, webauthn:virtualAuthenticators: true}
Session ID: f9cf1c75771a7145bf9d09aaf08d792a
at org.testng.Assert.fail(Assert.java:99)
at stepdefinitions.TawarahAppDataEntryIncomeDetailsList.user_click_the_pencil_icon_under_customer_financials_tab(TawarahAppDataEntryIncomeDetailsList.java:207)
at âœ½.User_607 click the pencil icon under Customer Financials tab(file:///C:/Users/inindc00607/git/ULS_Ijarah_1/Gowtham_ULS_New/src/test/java/features/IjaraAppDataEntryCFIncome.feature:93)
]]>
    </failure>
  </testcase> <!-- runScenario -->
  <system-out/>
  <testcase classname="Runner.TestApplication" name="runScenario" time="36.106"/>
  <system-out/>
  <testcase classname="Runner.TestApplication" name="runScenario" time="86.531"/>
  <system-out/>
</testsuite> <!-- Runner.TestApplication -->
