<?xml version="1.0" encoding="UTF-8"?>
<!-- Generated by org.testng.reporters.JUnitReportReporter -->
<testsuite hostname="AWS-PVDI-25" failures="0" tests="1" name="Runner.TestApplication" time="45.231" errors="0" timestamp="2024-01-20T11:35:47 IST" skipped="0">
  <testcase classname="Runner.TestApplication" name="runScenario" time="45.231"/>
  <system-out/>
</testsuite> <!-- Runner.TestApplication -->
