<?xml version="1.0" encoding="UTF-8"?>
<!-- Generated by org.testng.reporters.JUnitReportReporter -->
<testsuite hostname="AWS-PVDI-25" failures="0" tests="1" name="Runner.TestApplication" time="34.805" errors="0" timestamp="2023-12-13T12:35:46 IST" skipped="0">
  <testcase classname="Runner.TestApplication" name="runScenario" time="34.805"/>
  <system-out/>
</testsuite> <!-- Runner.TestApplication -->
