<?xml version="1.0" encoding="UTF-8"?>
<!-- Generated by org.testng.reporters.JUnitReportReporter -->
<testsuite hostname="AWS-PVDI-25" failures="0" tests="1" name="Runner.TestApplication" time="59.363" errors="0" timestamp="2023-09-11T15:09:05 IST" skipped="0">
  <testcase classname="Runner.TestApplication" name="runScenario" time="59.363"/>
  <system-out/>
</testsuite> <!-- Runner.TestApplication -->
