<?xml version="1.0" encoding="UTF-8"?>
<!-- Generated by org.testng.reporters.JUnitReportReporter -->
<testsuite hostname="AWS-PVDI-25" failures="0" tests="1" name="runner.TestApplication" time="74.877" errors="1" timestamp="2024-01-31T11:56:49 IST" skipped="0">
  <testcase classname="runner.TestApplication" name="runScenario" time="74.877">
    <error message="Keys to send should be a not null CharSequence" type="java.lang.IllegalArgumentException">
      <![CDATA[java.lang.IllegalArgumentException: Keys to send should be a not null CharSequence
at org.openqa.selenium.remote.RemoteWebElement.sendKeys(RemoteWebElement.java:97)
at stepdefinitions.New_Application.user_607_check_mobile_number_field_should_accept_only_numeric_values(New_Application.java:4190)
at âœ½.User_607 Check Mobile Number Field should accept only numeric values(file:///C:/Users/inindc00607/git/ULS_Ijarah_1/Gowtham_ULS_New/src/test/java/features/AutoLoanCustomerSearch.feature:25)
]]>
    </error>
  </testcase> <!-- runScenario -->
  <system-out/>
</testsuite> <!-- runner.TestApplication -->
