<?xml version="1.0" encoding="UTF-8"?>
<!-- Generated by org.testng.reporters.JUnitReportReporter -->
<testsuite hostname="AWS-PVDI-25" failures="0" tests="1" name="Runner.TestApplication" time="60.844" errors="0" timestamp="2023-10-06T17:15:01 IST" skipped="0">
  <testcase classname="Runner.TestApplication" name="runScenario" time="60.844"/>
  <system-out/>
</testsuite> <!-- Runner.TestApplication -->
