<?xml version="1.0" encoding="UTF-8"?>
<!-- Generated by org.testng.reporters.JUnitReportReporter -->
<testsuite hostname="AWS-PVDI-25" failures="0" tests="1" name="runner.NewExcelTestRunner" time="304.478" errors="0" timestamp="2024-02-08T13:54:34 IST" skipped="0">
  <testcase classname="runner.NewExcelTestRunner" name="test" time="304.478"/>
  <system-out/>
</testsuite> <!-- runner.NewExcelTestRunner -->
