<?xml version="1.0" encoding="UTF-8"?>
<!-- Generated by org.testng.reporters.JUnitReportReporter -->
<testsuite hostname="AWS-PVDI-25" failures="0" tests="1" name="runner.TestApplication" time="29.034" errors="1" timestamp="2024-02-15T11:53:38 IST" skipped="0">
  <testcase classname="runner.TestApplication" name="runScenario" time="29.034">
    <error message="Cannot invoke &quot;org.openqa.selenium.WebElement.isDisplayed()&quot; because the return value of &quot;helper.JavascriptHelper.executeScriptWithWebElement(String)&quot; is null" type="java.lang.NullPointerException">
      <![CDATA[java.lang.NullPointerException: Cannot invoke "org.openqa.selenium.WebElement.isDisplayed()" because the return value of "helper.JavascriptHelper.executeScriptWithWebElement(String)" is null
at stepdefinitions.AutoLoanAppdataEntryContactDetails.user_607_verify_contact_details_screen_should_get_open_with_save_buttton_and_back_button(AutoLoanAppdataEntryContactDetails.java:973)
at âœ½.user_607 verify contact details screen should get open with save buttton and back button(file:///C:/Users/inindc00607/git/ULS_Ijarah_1/Gowtham_ULS_New/src/test/java/features/AutoLoanAppdataEntryContactDetails.feature:16)
]]>
    </error>
  </testcase> <!-- runScenario -->
  <system-out/>
</testsuite> <!-- runner.TestApplication -->
