<?xml version="1.0" encoding="UTF-8"?>
<!-- Generated by org.testng.reporters.JUnitReportReporter -->
<testsuite hostname="AWS-PVDI-25" failures="1" tests="6" name="Runner.TestApplication" time="224.225" errors="0" timestamp="2023-12-15T17:51:34 IST" skipped="0">
  <testcase classname="Runner.TestApplication" name="runScenario" time="35.340"/>
  <system-out/>
  <testcase classname="Runner.TestApplication" name="runScenario" time="31.763"/>
  <system-out/>
  <testcase classname="Runner.TestApplication" name="runScenario" time="44.570"/>
  <system-out/>
  <testcase classname="Runner.TestApplication" name="runScenario" time="33.483"/>
  <system-out/>
  <testcase classname="Runner.TestApplication" name="runScenario" time="24.242">
    <failure message="expected [true] but found [false]" type="java.lang.AssertionError">
      <![CDATA[java.lang.AssertionError: expected [true] but found [false]
at org.testng.Assert.fail(Assert.java:99)
at org.testng.Assert.failNotEquals(Assert.java:1037)
at org.testng.Assert.assertTrue(Assert.java:45)
at org.testng.Assert.assertTrue(Assert.java:55)
at stepdefinitions.TawarahAppDataEntryIncomeDetailsList.user_607_verify_validation_message_for_mandatory_field_as_blank_under_income_details_screen(TawarahAppDataEntryIncomeDetailsList.java:3412)
at âœ½.User_607 verify validation message for mandatory field as blank under Income details screen(file:///C:/Users/inindc00607/git/ULS_Ijarah_1/Gowtham_ULS_New/src/test/java/features/TawarruqAppDataEntryFollowupdetails.feature:73)
]]>
    </failure>
  </testcase> <!-- runScenario -->
  <system-out/>
  <testcase classname="Runner.TestApplication" name="runScenario" time="54.827"/>
  <system-out/>
</testsuite> <!-- Runner.TestApplication -->
