<?xml version="1.0" encoding="UTF-8"?>
<!-- Generated by org.testng.reporters.JUnitReportReporter -->
<testsuite hostname="AWS-PVDI-25" failures="0" tests="1" name="Runner.TestApplication" time="14.198" errors="1" timestamp="2023-10-13T10:13:42 IST" skipped="0">
  <testcase classname="Runner.TestApplication" name="runScenario" time="14.198">
    <error message="Cannot invoke &quot;org.openqa.selenium.WebElement.click()&quot; because the return value of &quot;helper.JavascriptHelper.executeScriptWithWebElement(String)&quot; is null" type="java.lang.NullPointerException">
      <![CDATA[java.lang.NullPointerException: Cannot invoke "org.openqa.selenium.WebElement.click()" because the return value of "helper.JavascriptHelper.executeScriptWithWebElement(String)" is null
at stepdefinitions.IjaraLogin.loginWithIjaraApplication(IjaraLogin.java:29)
at stepdefinitions.IjaraTest.login_with_valid_credentials(IjaraTest.java:22)
at âœ½.login with valid credentials(file:///C:/Users/inindc00607/git/ULS_Ijarah_1/Gowtham_ULS_New/src/test/java/features/Application_Detail_Customer_Search.feature:280)
]]>
    </error>
  </testcase> <!-- runScenario -->
  <system-out/>
</testsuite> <!-- Runner.TestApplication -->
