<?xml version="1.0" encoding="UTF-8"?>
<!-- Generated by org.testng.reporters.JUnitReportReporter -->
<testsuite hostname="DESKTOP-PSK9T3A" failures="0" tests="1" name="Runner.TestApplication" time="52.731" errors="0" timestamp="2023-09-04T18:09:35 IST" skipped="0">
  <testcase classname="Runner.TestApplication" name="runScenario" time="52.731"/>
  <system-out/>
</testsuite> <!-- Runner.TestApplication -->
