<?xml version="1.0" encoding="UTF-8"?>
<!-- Generated by org.testng.reporters.JUnitReportReporter -->
<testsuite hostname="AWS-PVDI-12" failures="0" tests="1" name="runner.TestApplication" time="37.503" errors="0" timestamp="2024-02-21T11:35:26 IST" skipped="0">
  <testcase classname="runner.TestApplication" name="runScenario" time="37.503"/>
  <system-out/>
</testsuite> <!-- runner.TestApplication -->
