<?xml version="1.0" encoding="UTF-8"?>
<!-- Generated by org.testng.reporters.JUnitReportReporter -->
<testsuite hostname="AWS-PVDI-12" failures="4" tests="7" name="Runner.TestApplication" time="212.616" errors="0" timestamp="2024-01-30T10:18:42 IST" skipped="0">
  <testcase classname="Runner.TestApplication" name="runScenario" time="32.719">
    <failure message="Cannot invoke &quot;org.openqa.selenium.WebElement.sendKeys(java.lang.CharSequence[])&quot; because the return value of &quot;helper.JavascriptHelper.executeScriptWithWebElement(String)&quot; is null" type="java.lang.AssertionError">
      <![CDATA[java.lang.AssertionError: Cannot invoke "org.openqa.selenium.WebElement.sendKeys(java.lang.CharSequence[])" because the return value of "helper.JavascriptHelper.executeScriptWithWebElement(String)" is null
at org.junit.Assert.fail(Assert.java:88)
at stepdefinitions.Tawarooq_RepaymentMode.user_6047_verify_the_account_number_field_is_mandatory_editable_and_numeric(Tawarooq_RepaymentMode.java:530)
at ✽.User_6047 verify the Account number field is mandatory,editable and numeric(file:///C:/Users/ININDC00071/git/ULs_Ramya1/Uls_Ramya/src/test/java/features/Tawarruq_AppDataEntry_RepaymentMode.feature:68)
]]>
    </failure>
  </testcase> <!-- runScenario -->
  <system-out/>
  <testcase classname="Runner.TestApplication" name="runScenario" time="32.784"/>
  <system-out/>
  <testcase classname="Runner.TestApplication" name="runScenario" time="35.199">
    <failure message="javascript error: Cannot read properties of null (reading &#039;shadowRoot&#039;)
  (Session info: chrome=120.0.6099.225)
Build info: version: &#039;4.11.0&#039;, revision: &#039;040bc5406b&#039;
System info: os.name: &#039;Windows 10&#039;, os.arch: &#039;amd64&#039;, os.version: &#039;10.0&#039;, java.version: &#039;19.0.1&#039;
Driver info: org.openqa.selenium.chrome.ChromeDriver
Command: [84b1166bd69da29c2d3882a38080c0a3, executeScript {script=return document.querySelector(&#039;ion-toast[role=&quot;status&quot;]&#039;).shadowRoot.querySelector(&#039;div[part=&quot;message&quot;]&#039;).textContent, args=[]}]
Capabilities {acceptInsecureCerts: false, browserName: chrome, browserVersion: 120.0.6099.225, chrome: {chromedriverVersion: 120.0.6099.109 (3419140ab66..., userDataDir: C:\Users\ININDC~1\AppData\L...}, fedcm:accounts: true, goog:chromeOptions: {debuggerAddress: localhost:50785}, networkConnectionEnabled: false, pageLoadStrategy: normal, platformName: windows, proxy: Proxy(), se:cdp: ws://localhost:50785/devtoo..., se:cdpVersion: 120.0.6099.225, setWindowRect: true, strictFileInteractability: false, timeouts: {implicit: 0, pageLoad: 300000, script: 30000}, unhandledPromptBehavior: dismiss and notify, webauthn:extension:credBlob: true, webauthn:extension:largeBlob: true, webauthn:extension:minPinLength: true, webauthn:extension:prf: true, webauthn:virtualAuthenticators: true}
Session ID: 84b1166bd69da29c2d3882a38080c0a3" type="java.lang.AssertionError">
      <![CDATA[java.lang.AssertionError: javascript error: Cannot read properties of null (reading 'shadowRoot')
  (Session info: chrome=120.0.6099.225)
Build info: version: '4.11.0', revision: '040bc5406b'
System info: os.name: 'Windows 10', os.arch: 'amd64', os.version: '10.0', java.version: '19.0.1'
Driver info: org.openqa.selenium.chrome.ChromeDriver
Command: [84b1166bd69da29c2d3882a38080c0a3, executeScript {script=return document.querySelector('ion-toast[role="status"]').shadowRoot.querySelector('div[part="message"]').textContent, args=[]}]
Capabilities {acceptInsecureCerts: false, browserName: chrome, browserVersion: 120.0.6099.225, chrome: {chromedriverVersion: 120.0.6099.109 (3419140ab66..., userDataDir: C:\Users\ININDC~1\AppData\L...}, fedcm:accounts: true, goog:chromeOptions: {debuggerAddress: localhost:50785}, networkConnectionEnabled: false, pageLoadStrategy: normal, platformName: windows, proxy: Proxy(), se:cdp: ws://localhost:50785/devtoo..., se:cdpVersion: 120.0.6099.225, setWindowRect: true, strictFileInteractability: false, timeouts: {implicit: 0, pageLoad: 300000, script: 30000}, unhandledPromptBehavior: dismiss and notify, webauthn:extension:credBlob: true, webauthn:extension:largeBlob: true, webauthn:extension:minPinLength: true, webauthn:extension:prf: true, webauthn:virtualAuthenticators: true}
Session ID: 84b1166bd69da29c2d3882a38080c0a3
at org.junit.Assert.fail(Assert.java:88)
at stepdefinitions.Tawarooq_RepaymentMode.user_6047_verify_the_popup_of_fill_all_field_in_repayment_mode(Tawarooq_RepaymentMode.java:1601)
at ✽.User_6047 Verify the popup of fill all field in Repayment Mode(file:///C:/Users/ININDC00071/git/ULs_Ramya1/Uls_Ramya/src/test/java/features/Tawarruq_AppDataEntry_RepaymentMode.feature:107)
]]>
    </failure>
  </testcase> <!-- runScenario -->
  <system-out/>
  <testcase classname="Runner.TestApplication" name="runScenario" time="28.134"/>
  <system-out/>
  <testcase classname="Runner.TestApplication" name="runScenario" time="18.421"/>
  <system-out/>
  <testcase classname="Runner.TestApplication" name="runScenario" time="33.232">
    <failure message="Cannot invoke &quot;org.openqa.selenium.WebElement.sendKeys(java.lang.CharSequence[])&quot; because the return value of &quot;helper.JavascriptHelper.executeScriptWithWebElement(String)&quot; is null" type="java.lang.AssertionError">
      <![CDATA[java.lang.AssertionError: Cannot invoke "org.openqa.selenium.WebElement.sendKeys(java.lang.CharSequence[])" because the return value of "helper.JavascriptHelper.executeScriptWithWebElement(String)" is null
at org.junit.Assert.fail(Assert.java:88)
at stepdefinitions.Tawarooq_RepaymentMode.user_6047_verify_the_account_number_field_is_mandatory_editable_and_numeric(Tawarooq_RepaymentMode.java:530)
at ✽.User_6047 verify the Account number field is mandatory,editable and numeric(file:///C:/Users/ININDC00071/git/ULs_Ramya1/Uls_Ramya/src/test/java/features/Tawarruq_AppDataEntry_RepaymentMode.feature:44)
]]>
    </failure>
  </testcase> <!-- runScenario -->
  <system-out/>
  <testcase classname="Runner.TestApplication" name="runScenario" time="32.127">
    <failure type="java.lang.AssertionError">
      <![CDATA[java.lang.AssertionError
at org.junit.Assert.fail(Assert.java:86)
at org.junit.Assert.assertTrue(Assert.java:41)
at org.junit.Assert.assertTrue(Assert.java:52)
at stepdefinitions.Tawarooq_RepaymentMode.user_6047_to_verify_the_same_record_should_get_saved_in_repayment_mode(Tawarooq_RepaymentMode.java:948)
at ✽.User_6047 To verify the same record should get saved in Repayment Mode(file:///C:/Users/ININDC00071/git/ULs_Ramya1/Uls_Ramya/src/test/java/features/Tawarruq_AppDataEntry_RepaymentMode.feature:146)
]]>
    </failure>
  </testcase> <!-- runScenario -->
  <system-out/>
</testsuite> <!-- Runner.TestApplication -->
