<?xml version="1.0" encoding="UTF-8"?>
<!-- Generated by org.testng.reporters.JUnitReportReporter -->
<testsuite hostname="AWS-PVDI-12" failures="1" tests="1" name="Runner.TestApplication" time="34.286" errors="0" timestamp="2023-11-02T17:54:00 IST" skipped="0">
  <testcase classname="Runner.TestApplication" name="runScenario" time="34.286">
    <failure message="javascript error: Cannot read properties of null (reading &#039;getAttribute&#039;)
  (Session info: chrome=118.0.5993.118)
Build info: version: &#039;4.11.0&#039;, revision: &#039;040bc5406b&#039;
System info: os.name: &#039;Windows 10&#039;, os.arch: &#039;amd64&#039;, os.version: &#039;10.0&#039;, java.version: &#039;19.0.1&#039;
Driver info: org.openqa.selenium.chrome.ChromeDriver
Command: [8f7e822f2582a3b0832b39a660a406a9, executeScript {script=return document.querySelector(&#039;digital-select-layout[ng-reflect-form-control-name-label=&quot;idType&quot;]&gt;ion-item&gt;ion-select&#039;).getAttribute(&quot;aria-label&quot;), args=[]}]
Capabilities {acceptInsecureCerts: false, browserName: chrome, browserVersion: 118.0.5993.118, chrome: {chromedriverVersion: 118.0.5993.70 (e52f33f30b91..., userDataDir: C:\Users\ININDC~1\AppData\L...}, fedcm:accounts: true, goog:chromeOptions: {debuggerAddress: localhost:54612}, networkConnectionEnabled: false, pageLoadStrategy: normal, platformName: windows, proxy: Proxy(), se:cdp: ws://localhost:54612/devtoo..., se:cdpVersion: 118.0.5993.118, setWindowRect: true, strictFileInteractability: false, timeouts: {implicit: 0, pageLoad: 300000, script: 30000}, unhandledPromptBehavior: dismiss and notify, webauthn:extension:credBlob: true, webauthn:extension:largeBlob: true, webauthn:extension:minPinLength: true, webauthn:extension:prf: true, webauthn:virtualAuthenticators: true}
Session ID: 8f7e822f2582a3b0832b39a660a406a9" type="java.lang.AssertionError">
      <![CDATA[java.lang.AssertionError: javascript error: Cannot read properties of null (reading 'getAttribute')
  (Session info: chrome=118.0.5993.118)
Build info: version: '4.11.0', revision: '040bc5406b'
System info: os.name: 'Windows 10', os.arch: 'amd64', os.version: '10.0', java.version: '19.0.1'
Driver info: org.openqa.selenium.chrome.ChromeDriver
Command: [8f7e822f2582a3b0832b39a660a406a9, executeScript {script=return document.querySelector('digital-select-layout[ng-reflect-form-control-name-label="idType"]>ion-item>ion-select').getAttribute("aria-label"), args=[]}]
Capabilities {acceptInsecureCerts: false, browserName: chrome, browserVersion: 118.0.5993.118, chrome: {chromedriverVersion: 118.0.5993.70 (e52f33f30b91..., userDataDir: C:\Users\ININDC~1\AppData\L...}, fedcm:accounts: true, goog:chromeOptions: {debuggerAddress: localhost:54612}, networkConnectionEnabled: false, pageLoadStrategy: normal, platformName: windows, proxy: Proxy(), se:cdp: ws://localhost:54612/devtoo..., se:cdpVersion: 118.0.5993.118, setWindowRect: true, strictFileInteractability: false, timeouts: {implicit: 0, pageLoad: 300000, script: 30000}, unhandledPromptBehavior: dismiss and notify, webauthn:extension:credBlob: true, webauthn:extension:largeBlob: true, webauthn:extension:minPinLength: true, webauthn:extension:prf: true, webauthn:virtualAuthenticators: true}
Session ID: 8f7e822f2582a3b0832b39a660a406a9
at org.testng.Assert.fail(Assert.java:99)
at stepdefinitions.Murabha_DataCheck_identificationDetails.user_verify_id_type_field_should_be_mandatory_display_only_and_text_box(Murabha_DataCheck_identificationDetails.java:428)
at âœ½.User_6047 verify ID Type field should be mandatory display only and text box(file:///C:/Users/ININDC00071/git/ULs_Ramya1/Uls_Ramya/src/test/java/features/Murabha_Datacheck_identificationdetails.feature:72)
]]>
    </failure>
  </testcase> <!-- runScenario -->
  <system-out/>
</testsuite> <!-- Runner.TestApplication -->
