<?xml version="1.0" encoding="UTF-8"?>
<!-- Generated by org.testng.reporters.JUnitReportReporter -->
<testsuite hostname="AWS-PVDI-12" failures="2" tests="7" name="Runner.TestApplication" time="91.763" errors="5" timestamp="2023-10-20T14:28:11 IST" skipped="0">
  <testcase classname="Runner.TestApplication" name="runScenario" time="7.972">
    <error message="Cannot invoke &quot;org.openqa.selenium.WebElement.click()&quot; because the return value of &quot;helper.JavascriptHelper.executeScriptWithWebElement(String)&quot; is null" type="java.lang.NullPointerException">
      <![CDATA[java.lang.NullPointerException: Cannot invoke "org.openqa.selenium.WebElement.click()" because the return value of "helper.JavascriptHelper.executeScriptWithWebElement(String)" is null
at stepdefinitions.IjaraLogin.loginWithIjaraApplication(IjaraLogin.java:31)
at stepdefinitions.ApplicationDataEntry_Steps.Login_with_valid_credentials(ApplicationDataEntry_Steps.java:50)
at ✽.User_6047 Login with valid credentials(file:///C:/Users/ININDC00071/git/ULs_Ramya1/Uls_Ramya/src/test/java/features/murabha_Repayment_Mode.feature:31)
]]>
    </error>
  </testcase> <!-- runScenario -->
  <system-out/>
  <testcase classname="Runner.TestApplication" name="runScenario" time="22.964">
    <failure message="Cannot invoke &quot;org.openqa.selenium.WebElement.click()&quot; because the return value of &quot;helper.JavascriptHelper.executeScriptWithWebElement(String)&quot; is null" type="java.lang.AssertionError">
      <![CDATA[java.lang.AssertionError: Cannot invoke "org.openqa.selenium.WebElement.click()" because the return value of "helper.JavascriptHelper.executeScriptWithWebElement(String)" is null
at org.junit.Assert.fail(Assert.java:88)
at stepdefinitions.Murabha_RepaymentMode_Steps.user_click_repayment_mode_section(Murabha_RepaymentMode_Steps.java:130)
at ✽.User_6047 click repayment mode section(file:///C:/Users/ININDC00071/git/ULs_Ramya1/Uls_Ramya/src/test/java/features/murabha_Repayment_Mode.feature:143)
]]>
    </failure>
  </testcase> <!-- runScenario -->
  <system-out/>
  <testcase classname="Runner.TestApplication" name="runScenario" time="7.279">
    <error message="Cannot invoke &quot;org.openqa.selenium.WebElement.click()&quot; because the return value of &quot;helper.JavascriptHelper.executeScriptWithWebElement(String)&quot; is null" type="java.lang.NullPointerException">
      <![CDATA[java.lang.NullPointerException: Cannot invoke "org.openqa.selenium.WebElement.click()" because the return value of "helper.JavascriptHelper.executeScriptWithWebElement(String)" is null
at stepdefinitions.IjaraLogin.loginWithIjaraApplication(IjaraLogin.java:31)
at stepdefinitions.ApplicationDataEntry_Steps.Login_with_valid_credentials(ApplicationDataEntry_Steps.java:50)
at ✽.User_6047 Login with valid credentials(file:///C:/Users/ININDC00071/git/ULs_Ramya1/Uls_Ramya/src/test/java/features/murabha_Repayment_Mode.feature:58)
]]>
    </error>
  </testcase> <!-- runScenario -->
  <system-out/>
  <testcase classname="Runner.TestApplication" name="runScenario" time="7.785">
    <error message="Cannot invoke &quot;org.openqa.selenium.WebElement.click()&quot; because the return value of &quot;helper.JavascriptHelper.executeScriptWithWebElement(String)&quot; is null" type="java.lang.NullPointerException">
      <![CDATA[java.lang.NullPointerException: Cannot invoke "org.openqa.selenium.WebElement.click()" because the return value of "helper.JavascriptHelper.executeScriptWithWebElement(String)" is null
at stepdefinitions.IjaraLogin.loginWithIjaraApplication(IjaraLogin.java:31)
at stepdefinitions.ApplicationDataEntry_Steps.Login_with_valid_credentials(ApplicationDataEntry_Steps.java:50)
at ✽.User_6047 Login with valid credentials(file:///C:/Users/ININDC00071/git/ULs_Ramya1/Uls_Ramya/src/test/java/features/murabha_Repayment_Mode.feature:106)
]]>
    </error>
  </testcase> <!-- runScenario -->
  <system-out/>
  <testcase classname="Runner.TestApplication" name="runScenario" time="30.248">
    <failure message="Cannot invoke &quot;org.openqa.selenium.WebElement.click()&quot; because the return value of &quot;helper.JavascriptHelper.executeScriptWithWebElement(String)&quot; is null" type="java.lang.AssertionError">
      <![CDATA[java.lang.AssertionError: Cannot invoke "org.openqa.selenium.WebElement.click()" because the return value of "helper.JavascriptHelper.executeScriptWithWebElement(String)" is null
at org.junit.Assert.fail(Assert.java:88)
at stepdefinitions.Murabha_RepaymentMode_Steps.user_click_repayment_mode_section(Murabha_RepaymentMode_Steps.java:130)
at ✽.User_6047 click repayment mode section(file:///C:/Users/ININDC00071/git/ULs_Ramya1/Uls_Ramya/src/test/java/features/murabha_Repayment_Mode.feature:14)
]]>
    </failure>
  </testcase> <!-- runScenario -->
  <system-out/>
  <testcase classname="Runner.TestApplication" name="runScenario" time="7.549">
    <error message="Cannot invoke &quot;org.openqa.selenium.WebElement.click()&quot; because the return value of &quot;helper.JavascriptHelper.executeScriptWithWebElement(String)&quot; is null" type="java.lang.NullPointerException">
      <![CDATA[java.lang.NullPointerException: Cannot invoke "org.openqa.selenium.WebElement.click()" because the return value of "helper.JavascriptHelper.executeScriptWithWebElement(String)" is null
at stepdefinitions.IjaraLogin.loginWithIjaraApplication(IjaraLogin.java:31)
at stepdefinitions.ApplicationDataEntry_Steps.Login_with_valid_credentials(ApplicationDataEntry_Steps.java:50)
at ✽.User_6047 Login with valid credentials(file:///C:/Users/ININDC00071/git/ULs_Ramya1/Uls_Ramya/src/test/java/features/murabha_Repayment_Mode.feature:155)
]]>
    </error>
  </testcase> <!-- runScenario -->
  <system-out/>
  <testcase classname="Runner.TestApplication" name="runScenario" time="7.966">
    <error message="Cannot invoke &quot;org.openqa.selenium.WebElement.click()&quot; because the return value of &quot;helper.JavascriptHelper.executeScriptWithWebElement(String)&quot; is null" type="java.lang.NullPointerException">
      <![CDATA[java.lang.NullPointerException: Cannot invoke "org.openqa.selenium.WebElement.click()" because the return value of "helper.JavascriptHelper.executeScriptWithWebElement(String)" is null
at stepdefinitions.IjaraLogin.loginWithIjaraApplication(IjaraLogin.java:31)
at stepdefinitions.ApplicationDataEntry_Steps.Login_with_valid_credentials(ApplicationDataEntry_Steps.java:50)
at ✽.User_6047 Login with valid credentials(file:///C:/Users/ININDC00071/git/ULs_Ramya1/Uls_Ramya/src/test/java/features/murabha_Repayment_Mode.feature:76)
]]>
    </error>
  </testcase> <!-- runScenario -->
  <system-out/>
</testsuite> <!-- Runner.TestApplication -->
