<?xml version="1.0" encoding="UTF-8"?>
<!-- Generated by org.testng.reporters.JUnitReportReporter -->
<testsuite hostname="AWS-PVDI-12" failures="0" tests="4" name="Runner.TestApplication" time="172.440" errors="0" timestamp="2023-12-01T14:40:02 IST" skipped="0">
  <testcase classname="Runner.TestApplication" name="runScenario" time="43.969"/>
  <system-out/>
  <testcase classname="Runner.TestApplication" name="runScenario" time="18.913"/>
  <system-out/>
  <testcase classname="Runner.TestApplication" name="runScenario" time="18.189"/>
  <system-out/>
  <testcase classname="Runner.TestApplication" name="runScenario" time="91.369"/>
  <system-out/>
</testsuite> <!-- Runner.TestApplication -->
