<?xml version="1.0" encoding="UTF-8"?>
<!-- Generated by org.testng.reporters.JUnitReportReporter -->
<testsuite hostname="AWS-PVDI-12" failures="0" tests="3" name="runner.TestApplication" time="82.393" errors="0" timestamp="2024-02-08T15:48:40 IST" skipped="0">
  <testcase classname="runner.TestApplication" name="runScenario" time="23.446"/>
  <system-out/>
  <testcase classname="runner.TestApplication" name="runScenario" time="24.745"/>
  <system-out/>
  <testcase classname="runner.TestApplication" name="runScenario" time="34.202"/>
  <system-out/>
</testsuite> <!-- runner.TestApplication -->
