<?xml version="1.0" encoding="UTF-8"?>
<!-- Generated by org.testng.reporters.JUnitReportReporter -->
<testsuite hostname="AWS-PVDI-12" failures="0" tests="1" name="Runner.TestApplication" time="26.444" errors="0" timestamp="2024-01-22T18:11:31 IST" skipped="0">
  <testcase classname="Runner.TestApplication" name="runScenario" time="26.444"/>
  <system-out/>
</testsuite> <!-- Runner.TestApplication -->
