<?xml version="1.0" encoding="UTF-8"?>
<!-- Generated by org.testng.reporters.JUnitReportReporter -->
<testsuite hostname="AWS-PVDI-12" failures="0" tests="1" name="runner.NewExcelTestRunner" time="29.419" errors="0" timestamp="2024-02-14T18:14:18 IST" skipped="0">
  <testcase classname="runner.NewExcelTestRunner" name="test" time="29.419"/>
  <system-out/>
</testsuite> <!-- runner.NewExcelTestRunner -->
