<?xml version="1.0" encoding="UTF-8"?>
<!-- Generated by org.testng.reporters.JUnitReportReporter -->
<testsuite hostname="AWS-PVDI-12" failures="0" tests="1" name="Runner.TestApplication" time="31.153" errors="0" timestamp="2023-11-10T15:59:00 IST" skipped="0">
  <testcase classname="Runner.TestApplication" name="runScenario" time="31.153"/>
  <system-out/>
</testsuite> <!-- Runner.TestApplication -->
