<?xml version="1.0" encoding="UTF-8"?>
<!-- Generated by org.testng.reporters.JUnitReportReporter -->
<testsuite hostname="AWS-PVDI-12" failures="0" tests="1" name="Runner.TestApplication" time="28.472" errors="0" timestamp="2023-10-27T13:01:33 IST" skipped="0">
  <testcase classname="Runner.TestApplication" name="runScenario" time="28.472"/>
  <system-out/>
</testsuite> <!-- Runner.TestApplication -->
