<?xml version="1.0" encoding="UTF-8"?>
<!-- Generated by org.testng.reporters.JUnitReportReporter -->
<testsuite hostname="AWS-PVDI-12" failures="0" tests="1" name="Runner.TestApplication" time="11.473" errors="1" timestamp="2023-12-06T18:41:04 IST" skipped="0">
  <testcase classname="Runner.TestApplication" name="runScenario" time="11.473">
    <error message="Keys to send should be a not null CharSequence" type="java.lang.IllegalArgumentException">
      <![CDATA[java.lang.IllegalArgumentException: Keys to send should be a not null CharSequence
at org.openqa.selenium.remote.RemoteWebElement.sendKeys(RemoteWebElement.java:97)
at stepdefinitions.IjaraLogin.loginWithIjaraApplication_murabha_offering_offerDetail(IjaraLogin.java:399)
at stepdefinitions.Murabha_Offering_offeringDetails.Login_with_valid_credentials_murabha_offering_offerDetail(Murabha_Offering_offeringDetails.java:41)
at âœ½.User_6047 Login With valid credentials-Murabha-offering-offerDetail(file:///C:/Users/ININDC00071/git/ULs_Ramya1/Uls_Ramya/src/test/java/features/Murabha_Offering_OfferingDetails.feature:7)
]]>
    </error>
  </testcase> <!-- runScenario -->
  <system-out/>
</testsuite> <!-- Runner.TestApplication -->
