<?xml version="1.0" encoding="UTF-8"?>
<!-- Generated by org.testng.reporters.JUnitReportReporter -->
<testsuite hostname="AWS-PVDI-12" failures="0" tests="1" name="Runner.TestApplication" time="30.237" errors="0" timestamp="2024-01-12T17:07:08 IST" skipped="0">
  <testcase classname="Runner.TestApplication" name="runScenario" time="30.237"/>
  <system-out/>
</testsuite> <!-- Runner.TestApplication -->
