<?xml version="1.0" encoding="UTF-8"?>
<!-- Generated by org.testng.reporters.JUnitReportReporter -->
<testsuite hostname="AWS-PVDI-12" failures="0" tests="6" name="Runner.TestApplication" time="166.785" errors="0" timestamp="2023-12-27T17:59:20 IST" skipped="0">
  <testcase classname="Runner.TestApplication" name="runScenario" time="25.608"/>
  <system-out/>
  <testcase classname="Runner.TestApplication" name="runScenario" time="23.744"/>
  <system-out/>
  <testcase classname="Runner.TestApplication" name="runScenario" time="23.936"/>
  <system-out/>
  <testcase classname="Runner.TestApplication" name="runScenario" time="38.194"/>
  <system-out/>
  <testcase classname="Runner.TestApplication" name="runScenario" time="22.435"/>
  <system-out/>
  <testcase classname="Runner.TestApplication" name="runScenario" time="32.868"/>
  <system-out/>
</testsuite> <!-- Runner.TestApplication -->
