<?xml version="1.0" encoding="UTF-8"?>
<!-- Generated by org.testng.reporters.JUnitReportReporter -->
<testsuite hostname="AWS-PVDI-12" failures="0" tests="4" name="Runner.TestApplication" time="54.544" errors="3" timestamp="2023-11-17T17:41:20 IST" skipped="0">
  <testcase classname="Runner.TestApplication" name="runScenario" time="8.244">
    <error message="Cannot invoke &quot;org.openqa.selenium.WebElement.click()&quot; because the return value of &quot;helper.JavascriptHelper.executeScriptWithWebElement(String)&quot; is null" type="java.lang.NullPointerException">
      <![CDATA[java.lang.NullPointerException: Cannot invoke "org.openqa.selenium.WebElement.click()" because the return value of "helper.JavascriptHelper.executeScriptWithWebElement(String)" is null
at stepdefinitions.IjaraLogin.loginWithIjaraApplication(IjaraLogin.java:31)
at stepdefinitions.ApplicationDataEntry_Steps.Login_with_valid_credentials(ApplicationDataEntry_Steps.java:50)
at ✽.User_6047 Login with valid credentials(file:///C:/Users/ININDC00071/git/ULs_Ramya1/Uls_Ramya/src/test/java/features/Tawarruq_AppDataEntry_DocumentDetails.feature:97)
]]>
    </error>
  </testcase> <!-- runScenario -->
  <system-out/>
  <testcase classname="Runner.TestApplication" name="runScenario" time="8.492">
    <error message="Cannot invoke &quot;org.openqa.selenium.WebElement.click()&quot; because the return value of &quot;helper.JavascriptHelper.executeScriptWithWebElement(String)&quot; is null" type="java.lang.NullPointerException">
      <![CDATA[java.lang.NullPointerException: Cannot invoke "org.openqa.selenium.WebElement.click()" because the return value of "helper.JavascriptHelper.executeScriptWithWebElement(String)" is null
at stepdefinitions.IjaraLogin.loginWithIjaraApplication(IjaraLogin.java:31)
at stepdefinitions.ApplicationDataEntry_Steps.Login_with_valid_credentials(ApplicationDataEntry_Steps.java:50)
at ✽.User_6047 Login with valid credentials(file:///C:/Users/ININDC00071/git/ULs_Ramya1/Uls_Ramya/src/test/java/features/Tawarruq_AppDataEntry_DocumentDetails.feature:45)
]]>
    </error>
  </testcase> <!-- runScenario -->
  <system-out/>
  <testcase classname="Runner.TestApplication" name="runScenario" time="30.208"/>
  <system-out/>
  <testcase classname="Runner.TestApplication" name="runScenario" time="7.600">
    <error message="Cannot invoke &quot;org.openqa.selenium.WebElement.click()&quot; because the return value of &quot;helper.JavascriptHelper.executeScriptWithWebElement(String)&quot; is null" type="java.lang.NullPointerException">
      <![CDATA[java.lang.NullPointerException: Cannot invoke "org.openqa.selenium.WebElement.click()" because the return value of "helper.JavascriptHelper.executeScriptWithWebElement(String)" is null
at stepdefinitions.IjaraLogin.loginWithIjaraApplication(IjaraLogin.java:31)
at stepdefinitions.ApplicationDataEntry_Steps.Login_with_valid_credentials(ApplicationDataEntry_Steps.java:50)
at ✽.User_6047 Login with valid credentials(file:///C:/Users/ININDC00071/git/ULs_Ramya1/Uls_Ramya/src/test/java/features/Tawarruq_AppDataEntry_DocumentDetails.feature:74)
]]>
    </error>
  </testcase> <!-- runScenario -->
  <system-out/>
</testsuite> <!-- Runner.TestApplication -->
