<?xml version="1.0" encoding="UTF-8"?>
<!-- Generated by org.testng.reporters.JUnitReportReporter -->
<testsuite hostname="AWS-PVDI-6" failures="0" tests="1" name="Runner.TestApplication" time="80.492" errors="0" timestamp="2024-02-19T18:45:19 IST" skipped="0">
  <testcase classname="Runner.TestApplication" name="runScenario" time="80.492"/>
</testsuite> <!-- Runner.TestApplication -->
