<?xml version="1.0" encoding="UTF-8"?>
<!-- Generated by org.testng.reporters.JUnitReportReporter -->
<testsuite hostname="AWS-PVDI-6" failures="0" tests="1" name="Runner.NewExcelTestRunner" time="0.322" errors="0" timestamp="2024-01-02T17:35:51 IST" skipped="0">
  <testcase classname="Runner.NewExcelTestRunner" name="test" time="0.322"/>
</testsuite> <!-- Runner.NewExcelTestRunner -->
