<?xml version="1.0" encoding="UTF-8"?>
<!-- Generated by org.testng.reporters.JUnitReportReporter -->
<testsuite hostname="AWS-PVDI-6" failures="0" tests="1" name="Runner.TestApplication" time="77.457" errors="0" timestamp="2023-12-11T14:07:36 IST" skipped="0">
  <testcase classname="Runner.TestApplication" name="runScenario" time="77.457"/>
  <system-out/>
</testsuite> <!-- Runner.TestApplication -->
