<?xml version="1.0" encoding="UTF-8"?>
<!-- Generated by org.testng.reporters.JUnitReportReporter -->
<testsuite hostname="AWS-PVDI-6" failures="0" tests="1" name="Runner.NewExcelTestRunner" time="7685.462" errors="0" timestamp="2023-12-14T21:17:42 IST" skipped="0">
  <testcase classname="Runner.NewExcelTestRunner" name="test" time="7685.462"/>
  <system-out/>
</testsuite> <!-- Runner.NewExcelTestRunner -->
