<?xml version="1.0" encoding="UTF-8"?>
<!-- Generated by org.testng.reporters.JUnitReportReporter -->
<testsuite hostname="AWS-PVDI-6" failures="0" tests="8" name="Runner.TestApplication" time="508.967" errors="0" timestamp="2023-12-15T18:05:20 IST" skipped="0">
  <testcase classname="Runner.TestApplication" name="runScenario" time="194.828"/>
  <system-out/>
  <testcase classname="Runner.TestApplication" name="runScenario" time="37.217"/>
  <system-out/>
  <testcase classname="Runner.TestApplication" name="runScenario" time="44.995"/>
  <system-out/>
  <testcase classname="Runner.TestApplication" name="runScenario" time="46.242"/>
  <system-out/>
  <testcase classname="Runner.TestApplication" name="runScenario" time="34.168"/>
  <system-out/>
  <testcase classname="Runner.TestApplication" name="runScenario" time="39.354"/>
  <system-out/>
  <testcase classname="Runner.TestApplication" name="runScenario" time="61.755"/>
  <system-out/>
  <testcase classname="Runner.TestApplication" name="runScenario" time="50.408"/>
  <system-out/>
</testsuite> <!-- Runner.TestApplication -->
