<?xml version="1.0" encoding="UTF-8"?>
<!-- Generated by org.testng.reporters.JUnitReportReporter -->
<testsuite hostname="AWS-PVDI-6" failures="0" tests="1" name="Runner.NewExcelTestRunner" time="402.644" errors="0" timestamp="2024-02-01T18:46:28 IST" skipped="0">
  <testcase classname="Runner.NewExcelTestRunner" name="test" time="402.644"/>
</testsuite> <!-- Runner.NewExcelTestRunner -->
