<?xml version="1.0" encoding="UTF-8"?>
<!-- Generated by org.testng.reporters.JUnitReportReporter -->
<testsuite hostname="AWS-PVDI-6" failures="0" tests="1" name="Runner.TestApplication" time="48.642" errors="0" timestamp="2024-01-12T12:24:29 IST" skipped="0">
  <testcase classname="Runner.TestApplication" name="runScenario" time="48.642"/>
</testsuite> <!-- Runner.TestApplication -->
