<?xml version="1.0" encoding="UTF-8"?>
<!-- Generated by org.testng.reporters.JUnitReportReporter -->
<testsuite hostname="AWS-PVDI-6" failures="0" tests="1" name="Runner.NewExcelTestRunner" time="1548.493" errors="0" timestamp="2024-02-05T19:28:12 IST" skipped="0">
  <testcase classname="Runner.NewExcelTestRunner" name="test" time="1548.493"/>
</testsuite> <!-- Runner.NewExcelTestRunner -->
