<?xml version="1.0" encoding="UTF-8"?>
<!-- Generated by org.testng.reporters.JUnitReportReporter -->
<testsuite hostname="AWS-PVDI-8" failures="0" tests="1" name="Runner.TestApplication" time="26.652" errors="0" timestamp="2023-11-27T18:36:07 IST" skipped="0">
  <testcase classname="Runner.TestApplication" name="runScenario" time="26.652"/>
  <system-out/>
</testsuite> <!-- Runner.TestApplication -->
