<?xml version="1.0" encoding="UTF-8"?>
<!-- Generated by org.testng.reporters.JUnitReportReporter -->
<testsuite hostname="AWS-PVDI-8" failures="0" tests="1" name="Runner.TestApplication" time="31.809" errors="0" timestamp="2023-12-18T19:00:12 IST" skipped="0">
  <testcase classname="Runner.TestApplication" name="runScenario" time="31.809"/>
  <system-out/>
</testsuite> <!-- Runner.TestApplication -->
