<?xml version="1.0" encoding="UTF-8"?>
<!-- Generated by org.testng.reporters.JUnitReportReporter -->
<testsuite hostname="AWS-PVDI-8" failures="0" tests="1" name="Runner.TestApplication" time="38.123" errors="0" timestamp="2024-02-07T18:05:56 IST" skipped="0">
  <testcase classname="Runner.TestApplication" name="runScenario" time="38.123"/>
  <system-out/>
</testsuite> <!-- Runner.TestApplication -->
