<?xml version="1.0" encoding="UTF-8"?>
<!-- Generated by org.testng.reporters.JUnitReportReporter -->
<testsuite hostname="AWS-PVDI-8" failures="0" tests="1" name="Runner.TestApplication" time="42.013" errors="0" timestamp="2024-02-23T14:37:57 IST" skipped="0">
  <testcase classname="Runner.TestApplication" name="runScenario" time="42.013"/>
  <system-out/>
</testsuite> <!-- Runner.TestApplication -->
