<?xml version="1.0" encoding="UTF-8"?>
<!-- Generated by org.testng.reporters.JUnitReportReporter -->
<testsuite hostname="AWS-PVDI-8" failures="0" tests="1" name="Runner.TestApplication" time="33.553" errors="0" timestamp="2024-01-02T12:18:52 IST" skipped="0">
  <testcase classname="Runner.TestApplication" name="runScenario" time="33.553"/>
  <system-out/>
</testsuite> <!-- Runner.TestApplication -->
