<?xml version="1.0" encoding="UTF-8"?>
<!-- Generated by org.testng.reporters.JUnitReportReporter -->
<testsuite hostname="AWS-PVDI-8" failures="0" tests="2" name="Runner.FailedRun" time="42.261" errors="0" timestamp="2023-11-02T15:02:43 IST" skipped="0">
  <testcase classname="Runner.FailedRun" name="runScenario" time="22.830"/>
  <system-out/>
  <testcase classname="Runner.FailedRun" name="runScenario" time="19.431"/>
  <system-out/>
</testsuite> <!-- Runner.FailedRun -->
