<?xml version="1.0" encoding="UTF-8"?>
<!-- Generated by org.testng.reporters.JUnitReportReporter -->
<testsuite hostname="AWS-PVDI-8" failures="0" tests="1" name="Runner.TestApplication" time="21.263" errors="1" timestamp="2023-10-04T17:43:03 IST" skipped="0">
  <testcase classname="Runner.TestApplication" name="runScenario" time="21.263">
    <error message="Cannot invoke &quot;String.trim()&quot; because the return value of &quot;java.util.Map.get(Object)&quot; is null" type="java.lang.NullPointerException">
      <![CDATA[java.lang.NullPointerException: Cannot invoke "String.trim()" because the return value of "java.util.Map.get(Object)" is null
at stepdefinitions.Tawarraq_IdentificationDetails_Step.update_the_value_in_id_type_field_in_identification_section(Tawarraq_IdentificationDetails_Step.java:177)
at âœ½.Update the value in ID type field in identification section(file:///C:/Users/ININDC00074/eclipse-workspace/Ijarah_Arul/src/test/java/features/Tawarraq_IdentificationDetails.feature:15)
]]>
    </error>
  </testcase> <!-- runScenario -->
  <system-out/>
</testsuite> <!-- Runner.TestApplication -->
