<?xml version="1.0" encoding="UTF-8"?>
<!-- Generated by org.testng.reporters.JUnitReportReporter -->
<testsuite hostname="AWS-PVDI-24" failures="0" tests="1" name="Runner.TestApplication" time="48.297" errors="0" timestamp="2024-02-28T15:25:54 IST" skipped="0">
  <testcase classname="Runner.TestApplication" name="runScenario" time="48.297"/>
  <system-out/>
</testsuite> <!-- Runner.TestApplication -->
