<?xml version="1.0" encoding="UTF-8"?>
<!-- Generated by org.testng.reporters.JUnitReportReporter -->
<testsuite hostname="AWS-PVDI-6" failures="0" tests="1" name="Runner.NewExcelTestRunner" time="1061.704" errors="0" timestamp="2023-12-28T19:00:59 IST" skipped="0">
  <testcase classname="Runner.NewExcelTestRunner" name="test" time="1061.704"/>
  <system-out/>
</testsuite> <!-- Runner.NewExcelTestRunner -->
