<?xml version="1.0" encoding="UTF-8"?>
<!-- Generated by org.testng.reporters.JUnitReportReporter -->
<testsuite hostname="AWS-PVDI-6" failures="0" tests="1" name="Runner.TestApplication" time="192.083" errors="0" timestamp="2023-12-29T14:06:50 IST" skipped="0">
  <testcase classname="Runner.TestApplication" name="runScenario" time="192.083"/>
  <system-out/>
</testsuite> <!-- Runner.TestApplication -->
