<?xml version="1.0" encoding="UTF-8"?>
<!-- Generated by org.testng.reporters.JUnitReportReporter -->
<testsuite hostname="PSK9T3U-DESKTOP" failures="1" tests="1" name="Runner.TestApplication" time="86.891" errors="0" timestamp="2023-12-15T17:55:49 IST" skipped="0">
  <testcase classname="Runner.TestApplication" name="runScenario" time="86.891">
    <failure message="Cannot invoke &quot;Object.toString()&quot; because the return value of &quot;helper.JavascriptHelper.executeScript(String)&quot; is null" type="java.lang.AssertionError">
      <![CDATA[java.lang.AssertionError: Cannot invoke "Object.toString()" because the return value of "helper.JavascriptHelper.executeScript(String)" is null
at org.junit.Assert.fail(Assert.java:88)
at stepdefinitions.IJARAH_Steps.user_608_click_the_entitle_button_under_inbox(IJARAH_Steps.java:396)
at âœ½.User_608 click the Entitle button under inbox(file:///C:/Users/ININDC00482/git/ULS_Ijarah4/AzentioAutomationFramework_ULSMainRepository/src/test/java/features/IjarahFeatures/Ijarah_CONTRACTSIGN_ApplicationDetails1.feature:12)
]]>
    </failure>
  </testcase> <!-- runScenario -->
  <system-out/>
</testsuite> <!-- Runner.TestApplication -->
