<?xml version="1.0" encoding="UTF-8"?>
<!-- Generated by org.testng.reporters.JUnitReportReporter -->
<testsuite hostname="AWS-PVDI-6" failures="1" tests="1" name="Runner.TestApplication" time="60.596" errors="0" timestamp="2023-11-23T14:17:47 IST" skipped="0">
  <testcase classname="Runner.TestApplication" name="runScenario" time="60.596">
    <failure message="The following asserts failed:
	 ID Number field is not a numeric field hence failed expected [true] but found [false],
	Issuing authority field is mandatory field hence failed  expected [true] but found [false],
	country of issue field is mandatory field hence failed  expected [true] but found [false]" type="java.lang.AssertionError">
      <![CDATA[java.lang.AssertionError: The following asserts failed:
 ID Number field is not a numeric field hence failed expected [true] but found [false],
Issuing authority field is mandatory field hence failed  expected [true] but found [false],
country of issue field is mandatory field hence failed  expected [true] but found [false]
at org.testng.asserts.SoftAssert.assertAll(SoftAssert.java:47)
at org.testng.asserts.SoftAssert.assertAll(SoftAssert.java:31)
at stepdefinitions.Ijarah_NewApp_CustomerIdentificationDetailsSteps.user_076_invoke_soft_asset_in_customer_identification_details_screen_at_new_app_stage(Ijarah_NewApp_CustomerIdentificationDetailsSteps.java:1778)
at âœ½.user_076 invoke soft asset in customer identification details screen at new app stage(file:///C:/Users/ININDC00076/git/ULS_IjarahMainRepository/AzentioAutomationFramework_ULSMainRepository/src/test/java/features/IjarahFeatures/Ijarah_NewApp_IdentificationDetailsFEATURE.feature:27)
]]>
    </failure>
  </testcase> <!-- runScenario -->
  <system-out/>
</testsuite> <!-- Runner.TestApplication -->
