<?xml version="1.0" encoding="UTF-8"?>
<!-- Generated by org.testng.reporters.JUnitReportReporter -->
<testsuite hostname="AWS-PVDI-6" failures="2" tests="7" name="Runner.TestApplication" time="409.155" errors="0" timestamp="2023-11-23T18:33:59 IST" skipped="0">
  <testcase classname="Runner.TestApplication" name="runScenario" time="35.421"/>
  <system-out/>
  <testcase classname="Runner.TestApplication" name="runScenario" time="35.799"/>
  <system-out/>
  <testcase classname="Runner.TestApplication" name="runScenario" time="89.481">
    <failure message="The following asserts failed:
	back button is not visisble hence failed expected [true] but found [false],
	sourcing staff field is a mandatory field hence failed expected [true] but found [false]" type="java.lang.AssertionError">
      <![CDATA[java.lang.AssertionError: The following asserts failed:
back button is not visisble hence failed expected [true] but found [false],
sourcing staff field is a mandatory field hence failed expected [true] but found [false]
at org.testng.asserts.SoftAssert.assertAll(SoftAssert.java:47)
at org.testng.asserts.SoftAssert.assertAll(SoftAssert.java:31)
at stepdefinitions.ULS_ApplicationDetails_NewApp_Steps.user_076_invoke_soft_assert_for_new_application_screen(ULS_ApplicationDetails_NewApp_Steps.java:2451)
at ✽.user_076 invoke soft assert for new application screen(file:///C:/Users/ININDC00076/git/ULS_IjarahMainRepository/AzentioAutomationFramework_ULSMainRepository/src/test/java/features/MurabhaFeatures/Murabaha_NewApp_ApplicationDetailsFEATURE.feature:49)
]]>
    </failure>
  </testcase> <!-- runScenario -->
  <system-out/>
  <testcase classname="Runner.TestApplication" name="runScenario" time="25.597"/>
  <system-out/>
  <testcase classname="Runner.TestApplication" name="runScenario" time="58.120"/>
  <system-out/>
  <testcase classname="Runner.TestApplication" name="runScenario" time="79.492"/>
  <system-out/>
  <testcase classname="Runner.TestApplication" name="runScenario" time="85.245">
    <failure message="Cannot invoke &quot;org.openqa.selenium.WebElement.click()&quot; because the return value of &quot;helper.JavascriptHelper.executeScriptWithWebElement(String)&quot; is null" type="java.lang.AssertionError">
      <![CDATA[java.lang.AssertionError: Cannot invoke "org.openqa.selenium.WebElement.click()" because the return value of "helper.JavascriptHelper.executeScriptWithWebElement(String)" is null
at org.junit.Assert.fail(Assert.java:88)
at stepdefinitions.ULS_ApplicationDetails_NewApp_Steps.user_076_click_on_submit_button_in_application_details_record_at_new_app_stage(ULS_ApplicationDetails_NewApp_Steps.java:3459)
at ✽.user_076 click on submit button in application details record at new app stage(file:///C:/Users/ININDC00076/git/ULS_IjarahMainRepository/AzentioAutomationFramework_ULSMainRepository/src/test/java/features/MurabhaFeatures/Murabaha_NewApp_ApplicationDetailsFEATURE.feature:180)
]]>
    </failure>
  </testcase> <!-- runScenario -->
  <system-out/>
</testsuite> <!-- Runner.TestApplication -->
