<?xml version="1.0" encoding="UTF-8"?>
<!-- Generated by org.testng.reporters.JUnitReportReporter -->
<testsuite hostname="PSK9T3U-DESKTOP" failures="1" tests="1" name="Runner.TestApplication" time="54.977" errors="0" timestamp="2023-12-08T14:10:29 IST" skipped="0">
  <testcase classname="Runner.TestApplication" name="runScenario" time="54.977">
    <failure message="Cannot invoke &quot;org.openqa.selenium.WebElement.sendKeys(java.lang.CharSequence[])&quot; because the return value of &quot;helper.JavascriptHelper.executeScriptWithWebElement(String)&quot; is null" type="java.lang.AssertionError">
      <![CDATA[java.lang.AssertionError: Cannot invoke "org.openqa.selenium.WebElement.sendKeys(java.lang.CharSequence[])" because the return value of "helper.JavascriptHelper.executeScriptWithWebElement(String)" is null
at org.testng.Assert.fail(Assert.java:99)
at stepdefinitions.AppDataEntry_LivingExpense_Steps.user_enter_the_clientname_under_search_button(AppDataEntry_LivingExpense_Steps.java:106)
at âœ½.user Enter the clientname under searchButton(file:///C:/Users/ININDC00482/git/ULS_Ijarah4/AzentioAutomationFramework_ULSMainRepository/src/test/java/features/IjarahFeatures/Ijara_APPDATAENTRY_LivingExpense.feature:11)
]]>
    </failure>
  </testcase> <!-- runScenario -->
  <system-out/>
</testsuite> <!-- Runner.TestApplication -->
