<?xml version="1.0" encoding="UTF-8"?>
<!-- Generated by org.testng.reporters.JUnitReportReporter -->
<testsuite hostname="DESKTOP-PSK9T3J" failures="0" tests="1" name="Runner.TestApplication" time="31.197" errors="0" timestamp="2023-09-20T18:06:03 IST" skipped="0">
  <testcase classname="Runner.TestApplication" name="runScenario" time="31.197"/>
  <system-out/>
</testsuite> <!-- Runner.TestApplication -->
